{"/home/travis/build/npmtest/node-npmtest-closurecompiler/test.js":{"path":"/home/travis/build/npmtest/node-npmtest-closurecompiler/test.js","s":{"1":2,"2":2,"3":2,"4":2,"5":2,"6":2,"7":2,"8":1,"9":2,"10":2,"11":1,"12":1,"13":1,"14":1,"15":2,"16":2,"17":2,"18":2,"19":1,"20":1,"21":2,"22":2,"23":2,"24":1,"25":1,"26":1,"27":1,"28":1,"29":1,"30":1,"31":1,"32":1,"33":1,"34":1,"35":1,"36":1,"37":1,"38":1,"39":2,"40":2,"41":1,"42":2,"43":2,"44":1,"45":2,"46":2,"47":1,"48":2,"49":2,"50":1,"51":1,"52":1,"53":1,"54":1},"b":{"1":[2,1,1,1],"2":[1,1,1,1],"3":[1,1],"4":[1,1],"5":[1,1],"6":[1,1],"7":[1,1],"8":[1,1],"9":[1,1],"10":[1,1,1],"11":[1,1],"12":[1,1],"13":[1,1],"14":[1,1],"15":[1,1],"16":[1,1],"17":[1,1]},"f":{"1":2,"2":2,"3":2,"4":2,"5":2,"6":1,"7":1,"8":1,"9":2,"10":2,"11":2,"12":2,"13":1},"fnMap":{"1":{"name":"(anonymous_1)","line":12,"loc":{"start":{"line":12,"column":1},"end":{"line":12,"column":13}}},"2":{"name":"(anonymous_2)","line":19,"loc":{"start":{"line":19,"column":5},"end":{"line":19,"column":17}}},"3":{"name":"(anonymous_3)","line":23,"loc":{"start":{"line":23,"column":24},"end":{"line":23,"column":36}}},"4":{"name":"(anonymous_4)","line":61,"loc":{"start":{"line":61,"column":5},"end":{"line":61,"column":17}}},"5":{"name":"(anonymous_5)","line":82,"loc":{"start":{"line":82,"column":5},"end":{"line":82,"column":17}}},"6":{"name":"(anonymous_6)","line":91,"loc":{"start":{"line":91,"column":77},"end":{"line":94,"column":10}}},"7":{"name":"(anonymous_7)","line":112,"loc":{"start":{"line":112,"column":83},"end":{"line":115,"column":10}},"skip":true},"8":{"name":"(anonymous_8)","line":123,"loc":{"start":{"line":123,"column":77},"end":{"line":126,"column":10}},"skip":true},"9":{"name":"(anonymous_9)","line":139,"loc":{"start":{"line":139,"column":12},"end":{"line":139,"column":40}},"skip":true},"10":{"name":"(anonymous_10)","line":147,"loc":{"start":{"line":147,"column":77},"end":{"line":150,"column":10}},"skip":true},"11":{"name":"(anonymous_11)","line":158,"loc":{"start":{"line":158,"column":83},"end":{"line":161,"column":10}},"skip":true},"12":{"name":"(anonymous_12)","line":169,"loc":{"start":{"line":169,"column":79},"end":{"line":172,"column":10}},"skip":true},"13":{"name":"(anonymous_13)","line":180,"loc":{"start":{"line":180,"column":75},"end":{"line":183,"column":10}},"skip":true}},"statementMap":{"1":{"start":{"line":12,"column":0},"end":{"line":195,"column":5}},"2":{"start":{"line":14,"column":4},"end":{"line":14,"column":14}},"3":{"start":{"line":19,"column":4},"end":{"line":56,"column":9}},"4":{"start":{"line":21,"column":8},"end":{"line":21,"column":19}},"5":{"start":{"line":23,"column":8},"end":{"line":35,"column":13}},"6":{"start":{"line":24,"column":12},"end":{"line":34,"column":13}},"7":{"start":{"line":25,"column":16},"end":{"line":28,"column":30}},"8":{"start":{"line":30,"column":16},"end":{"line":33,"column":27}},"9":{"start":{"line":37,"column":8},"end":{"line":39,"column":21}},"10":{"start":{"line":40,"column":8},"end":{"line":53,"column":9}},"11":{"start":{"line":43,"column":12},"end":{"line":46,"column":14}},"12":{"start":{"line":47,"column":12},"end":{"line":47,"column":18}},"13":{"start":{"line":50,"column":12},"end":{"line":51,"column":46}},"14":{"start":{"line":52,"column":12},"end":{"line":52,"column":18}},"15":{"start":{"line":55,"column":8},"end":{"line":55,"column":35}},"16":{"start":{"line":61,"column":4},"end":{"line":63,"column":9}},"17":{"start":{"line":62,"column":8},"end":{"line":62,"column":15}},"18":{"start":{"line":64,"column":4},"end":{"line":77,"column":5}},"19":{"start":{"line":70,"column":8},"end":{"line":70,"column":14}},"20":{"start":{"line":76,"column":8},"end":{"line":76,"column":14}},"21":{"start":{"line":82,"column":4},"end":{"line":84,"column":9}},"22":{"start":{"line":83,"column":8},"end":{"line":83,"column":15}},"23":{"start":{"line":85,"column":4},"end":{"line":194,"column":5}},"24":{"start":{"line":91,"column":8},"end":{"line":99,"column":10}},"25":{"start":{"line":98,"column":12},"end":{"line":98,"column":35}},"26":{"start":{"line":102,"column":8},"end":{"line":104,"column":63}},"27":{"start":{"line":105,"column":8},"end":{"line":105,"column":14}},"28":{"start":{"line":112,"column":8},"end":{"line":121,"column":10},"skip":true},"29":{"start":{"line":119,"column":12},"end":{"line":119,"column":55},"skip":true},"30":{"start":{"line":120,"column":12},"end":{"line":120,"column":48},"skip":true},"31":{"start":{"line":123,"column":8},"end":{"line":136,"column":10},"skip":true},"32":{"start":{"line":130,"column":12},"end":{"line":130,"column":76},"skip":true},"33":{"start":{"line":131,"column":12},"end":{"line":131,"column":73},"skip":true},"34":{"start":{"line":132,"column":12},"end":{"line":132,"column":74},"skip":true},"35":{"start":{"line":133,"column":12},"end":{"line":133,"column":79},"skip":true},"36":{"start":{"line":134,"column":12},"end":{"line":134,"column":25},"skip":true},"37":{"start":{"line":135,"column":12},"end":{"line":135,"column":45},"skip":true},"38":{"start":{"line":138,"column":8},"end":{"line":145,"column":14},"skip":true},"39":{"start":{"line":143,"column":16},"end":{"line":143,"column":29},"skip":true},"40":{"start":{"line":144,"column":16},"end":{"line":144,"column":55},"skip":true},"41":{"start":{"line":147,"column":8},"end":{"line":156,"column":10},"skip":true},"42":{"start":{"line":154,"column":12},"end":{"line":154,"column":25},"skip":true},"43":{"start":{"line":155,"column":12},"end":{"line":155,"column":45},"skip":true},"44":{"start":{"line":158,"column":8},"end":{"line":167,"column":10},"skip":true},"45":{"start":{"line":165,"column":12},"end":{"line":165,"column":25},"skip":true},"46":{"start":{"line":166,"column":12},"end":{"line":166,"column":48},"skip":true},"47":{"start":{"line":169,"column":8},"end":{"line":178,"column":10},"skip":true},"48":{"start":{"line":176,"column":12},"end":{"line":176,"column":25},"skip":true},"49":{"start":{"line":177,"column":12},"end":{"line":177,"column":46},"skip":true},"50":{"start":{"line":180,"column":8},"end":{"line":189,"column":10},"skip":true},"51":{"start":{"line":187,"column":12},"end":{"line":187,"column":94},"skip":true},"52":{"start":{"line":188,"column":12},"end":{"line":188,"column":48},"skip":true},"53":{"start":{"line":192,"column":8},"end":{"line":192,"column":35},"skip":true},"54":{"start":{"line":193,"column":8},"end":{"line":193,"column":14},"skip":true}},"branchMap":{"1":{"line":25,"type":"binary-expr","locations":[{"start":{"line":25,"column":23},"end":{"line":25,"column":62}},{"start":{"line":26,"column":20},"end":{"line":26,"column":70}},{"start":{"line":27,"column":20},"end":{"line":27,"column":71}},{"start":{"line":28,"column":20},"end":{"line":28,"column":29}}]},"2":{"line":30,"type":"binary-expr","locations":[{"start":{"line":30,"column":23},"end":{"line":30,"column":37}},{"start":{"line":31,"column":20},"end":{"line":31,"column":61}},{"start":{"line":32,"column":20},"end":{"line":32,"column":70}},{"start":{"line":33,"column":20},"end":{"line":33,"column":26}}]},"3":{"line":37,"type":"cond-expr","locations":[{"start":{"line":38,"column":14},"end":{"line":38,"column":20}},{"start":{"line":39,"column":14},"end":{"line":39,"column":20}}]},"4":{"line":40,"type":"switch","locations":[{"start":{"line":42,"column":8},"end":{"line":47,"column":18}},{"start":{"line":49,"column":8},"end":{"line":52,"column":18}}]},"5":{"line":44,"type":"binary-expr","locations":[{"start":{"line":44,"column":16},"end":{"line":44,"column":44}},{"start":{"line":44,"column":48},"end":{"line":44,"column":66}}]},"6":{"line":50,"type":"binary-expr","locations":[{"start":{"line":50,"column":21},"end":{"line":50,"column":49}},{"start":{"line":50,"column":53},"end":{"line":50,"column":72}}]},"7":{"line":64,"type":"switch","locations":[{"start":{"line":69,"column":4},"end":{"line":70,"column":14}},{"start":{"line":75,"column":4},"end":{"line":76,"column":14}}]},"8":{"line":85,"type":"switch","locations":[{"start":{"line":90,"column":4},"end":{"line":105,"column":14}},{"start":{"line":111,"column":4},"end":{"line":193,"column":14},"skip":true}]},"9":{"line":91,"type":"binary-expr","locations":[{"start":{"line":91,"column":42},"end":{"line":91,"column":73}},{"start":{"line":91,"column":77},"end":{"line":99,"column":9}}]},"10":{"line":102,"type":"binary-expr","locations":[{"start":{"line":102,"column":18},"end":{"line":102,"column":32}},{"start":{"line":103,"column":12},"end":{"line":103,"column":53}},{"start":{"line":104,"column":12},"end":{"line":104,"column":61}}]},"11":{"line":112,"type":"binary-expr","locations":[{"start":{"line":112,"column":45},"end":{"line":112,"column":79},"skip":true},{"start":{"line":112,"column":83},"end":{"line":121,"column":9},"skip":true}]},"12":{"line":123,"type":"binary-expr","locations":[{"start":{"line":123,"column":42},"end":{"line":123,"column":73},"skip":true},{"start":{"line":123,"column":77},"end":{"line":136,"column":9},"skip":true}]},"13":{"line":138,"type":"binary-expr","locations":[{"start":{"line":138,"column":48},"end":{"line":138,"column":85},"skip":true},{"start":{"line":139,"column":12},"end":{"line":145,"column":13},"skip":true}]},"14":{"line":147,"type":"binary-expr","locations":[{"start":{"line":147,"column":42},"end":{"line":147,"column":73},"skip":true},{"start":{"line":147,"column":77},"end":{"line":156,"column":9},"skip":true}]},"15":{"line":158,"type":"binary-expr","locations":[{"start":{"line":158,"column":45},"end":{"line":158,"column":79},"skip":true},{"start":{"line":158,"column":83},"end":{"line":167,"column":9},"skip":true}]},"16":{"line":169,"type":"binary-expr","locations":[{"start":{"line":169,"column":43},"end":{"line":169,"column":75},"skip":true},{"start":{"line":169,"column":79},"end":{"line":178,"column":9},"skip":true}]},"17":{"line":180,"type":"binary-expr","locations":[{"start":{"line":180,"column":41},"end":{"line":180,"column":71},"skip":true},{"start":{"line":180,"column":75},"end":{"line":189,"column":9},"skip":true}]}},"code":["/* istanbul instrument in package npmtest_closurecompiler */","/*jslint","    bitwise: true,","    browser: true,","    maxerr: 8,","    maxlen: 96,","    node: true,","    nomen: true,","    regexp: true,","    stupid: true","*/","(function () {","    'use strict';","    var local;","","","","    // run shared js-env code - pre-init","    (function () {","        // init local","        local = {};","        // init modeJs","        local.modeJs = (function () {","            try {","                return typeof navigator.userAgent === 'string' &&","                    typeof document.querySelector('body') === 'object' &&","                    typeof XMLHttpRequest.prototype.open === 'function' &&","                    'browser';","            } catch (errorCaughtBrowser) {","                return module.exports &&","                    typeof process.versions.node === 'string' &&","                    typeof require('http').createServer === 'function' &&","                    'node';","            }","        }());","        // init global","        local.global = local.modeJs === 'browser'","            ? window","            : global;","        switch (local.modeJs) {","        // re-init local from window.local","        case 'browser':","            local = local.global.utility2.objectSetDefault(","                local.global.utility2_rollup || local.global.local,","                local.global.utility2","            );","            break;","        // re-init local from example.js","        case 'node':","            local = (local.global.utility2_rollup || require('utility2'))","                .requireExampleJsFromReadme();","            break;","        }","        // export local","        local.global.local = local;","    }());","","","","    // run shared js-env code - function","    (function () {","        return;","    }());","    switch (local.modeJs) {","","","","    // run browser js-env code - function","    case 'browser':","        break;","","","","    // run node js-env code - function","    case 'node':","        break;","    }","","","","    // run shared js-env code - post-init","    (function () {","        return;","    }());","    switch (local.modeJs) {","","","","    // run browser js-env code - post-init","    case 'browser':","        local.testCase_browser_nullCase = local.testCase_browser_nullCase || function (","            options,","            onError","        ) {","        /*","         * this function will test browsers's null-case handling-behavior-behavior","         */","            onError(null, options);","        };","","        // run tests","        local.nop(local.modeTest &&","            document.querySelector('#testRunButton1') &&","            document.querySelector('#testRunButton1').click());","        break;","","","","    // run node js-env code - post-init","    /* istanbul ignore next */","    case 'node':","        local.testCase_buildApidoc_default = local.testCase_buildApidoc_default || function (","            options,","            onError","        ) {","        /*","         * this function will test buildApidoc's default handling-behavior-behavior","         */","            options = { modulePathList: module.paths };","            local.buildApidoc(options, onError);","        };","","        local.testCase_buildApp_default = local.testCase_buildApp_default || function (","            options,","            onError","        ) {","        /*","         * this function will test buildApp's default handling-behavior-behavior","         */","            local.testCase_buildReadme_default(options, local.onErrorThrow);","            local.testCase_buildLib_default(options, local.onErrorThrow);","            local.testCase_buildTest_default(options, local.onErrorThrow);","            local.testCase_buildCustomOrg_default(options, local.onErrorThrow);","            options = [];","            local.buildApp(options, onError);","        };","","        local.testCase_buildCustomOrg_default = local.testCase_buildCustomOrg_default ||","            function (options, onError) {","            /*","             * this function will test buildCustomOrg's default handling-behavior","             */","                options = {};","                local.buildCustomOrg(options, onError);","            };","","        local.testCase_buildLib_default = local.testCase_buildLib_default || function (","            options,","            onError","        ) {","        /*","         * this function will test buildLib's default handling-behavior","         */","            options = {};","            local.buildLib(options, onError);","        };","","        local.testCase_buildReadme_default = local.testCase_buildReadme_default || function (","            options,","            onError","        ) {","        /*","         * this function will test buildReadme's default handling-behavior-behavior","         */","            options = {};","            local.buildReadme(options, onError);","        };","","        local.testCase_buildTest_default = local.testCase_buildTest_default || function (","            options,","            onError","        ) {","        /*","         * this function will test buildTest's default handling-behavior","         */","            options = {};","            local.buildTest(options, onError);","        };","","        local.testCase_webpage_default = local.testCase_webpage_default || function (","            options,","            onError","        ) {","        /*","         * this function will test webpage's default handling-behavior","         */","            options = { modeCoverageMerge: true, url: local.serverLocalHost + '?modeTest=1' };","            local.browserTest(options, onError);","        };","","        // run test-server","        local.testRunServer(local);","        break;","    }","}());",""],"l":{"12":2,"14":2,"19":2,"21":2,"23":2,"24":2,"25":2,"30":1,"37":2,"40":2,"43":1,"47":1,"50":1,"52":1,"55":2,"61":2,"62":2,"64":2,"70":1,"76":1,"82":2,"83":2,"85":2,"91":1,"98":1,"102":1,"105":1,"112":1,"119":1,"120":1,"123":1,"130":1,"131":1,"132":1,"133":1,"134":1,"135":1,"138":1,"143":2,"144":2,"147":1,"154":2,"155":2,"158":1,"165":2,"166":2,"169":1,"176":2,"177":2,"180":1,"187":1,"188":1,"192":1,"193":1}},"/home/travis/build/npmtest/node-npmtest-closurecompiler/lib.npmtest_closurecompiler.js":{"path":"/home/travis/build/npmtest/node-npmtest-closurecompiler/lib.npmtest_closurecompiler.js","s":{"1":2,"2":2,"3":2,"4":2,"5":2,"6":2,"7":2,"8":1,"9":2,"10":2,"11":2,"12":2,"13":1,"14":1,"15":1,"16":1},"b":{"1":[2,1,1,1],"2":[1,1,1,1],"3":[1,1],"4":[2,2],"5":[1,1]},"f":{"1":2,"2":2,"3":2},"fnMap":{"1":{"name":"(anonymous_1)","line":12,"loc":{"start":{"line":12,"column":1},"end":{"line":12,"column":13}}},"2":{"name":"(anonymous_2)","line":19,"loc":{"start":{"line":19,"column":5},"end":{"line":19,"column":17}}},"3":{"name":"(anonymous_3)","line":23,"loc":{"start":{"line":23,"column":24},"end":{"line":23,"column":36}}}},"statementMap":{"1":{"start":{"line":12,"column":0},"end":{"line":53,"column":5}},"2":{"start":{"line":14,"column":4},"end":{"line":14,"column":14}},"3":{"start":{"line":19,"column":4},"end":{"line":52,"column":9}},"4":{"start":{"line":21,"column":8},"end":{"line":21,"column":19}},"5":{"start":{"line":23,"column":8},"end":{"line":35,"column":13}},"6":{"start":{"line":24,"column":12},"end":{"line":34,"column":13}},"7":{"start":{"line":25,"column":16},"end":{"line":28,"column":30}},"8":{"start":{"line":30,"column":16},"end":{"line":33,"column":27}},"9":{"start":{"line":37,"column":8},"end":{"line":39,"column":21}},"10":{"start":{"line":41,"column":8},"end":{"line":41,"column":54}},"11":{"start":{"line":43,"column":8},"end":{"line":43,"column":60}},"12":{"start":{"line":45,"column":8},"end":{"line":51,"column":9}},"13":{"start":{"line":46,"column":12},"end":{"line":46,"column":66}},"14":{"start":{"line":48,"column":12},"end":{"line":48,"column":35}},"15":{"start":{"line":49,"column":12},"end":{"line":49,"column":49}},"16":{"start":{"line":50,"column":12},"end":{"line":50,"column":43}}},"branchMap":{"1":{"line":25,"type":"binary-expr","locations":[{"start":{"line":25,"column":23},"end":{"line":25,"column":62}},{"start":{"line":26,"column":20},"end":{"line":26,"column":70}},{"start":{"line":27,"column":20},"end":{"line":27,"column":71}},{"start":{"line":28,"column":20},"end":{"line":28,"column":29}}]},"2":{"line":30,"type":"binary-expr","locations":[{"start":{"line":30,"column":23},"end":{"line":30,"column":37}},{"start":{"line":31,"column":20},"end":{"line":31,"column":61}},{"start":{"line":32,"column":20},"end":{"line":32,"column":70}},{"start":{"line":33,"column":20},"end":{"line":33,"column":26}}]},"3":{"line":37,"type":"cond-expr","locations":[{"start":{"line":38,"column":14},"end":{"line":38,"column":20}},{"start":{"line":39,"column":14},"end":{"line":39,"column":20}}]},"4":{"line":41,"type":"binary-expr","locations":[{"start":{"line":41,"column":16},"end":{"line":41,"column":44}},{"start":{"line":41,"column":48},"end":{"line":41,"column":53}}]},"5":{"line":45,"type":"if","locations":[{"start":{"line":45,"column":8},"end":{"line":45,"column":8}},{"start":{"line":45,"column":8},"end":{"line":45,"column":8}}]}},"code":["/* istanbul instrument in package npmtest_closurecompiler */","/*jslint","    bitwise: true,","    browser: true,","    maxerr: 8,","    maxlen: 96,","    node: true,","    nomen: true,","    regexp: true,","    stupid: true","*/","(function () {","    'use strict';","    var local;","","","","    // run shared js-env code - pre-init","    (function () {","        // init local","        local = {};","        // init modeJs","        local.modeJs = (function () {","            try {","                return typeof navigator.userAgent === 'string' &&","                    typeof document.querySelector('body') === 'object' &&","                    typeof XMLHttpRequest.prototype.open === 'function' &&","                    'browser';","            } catch (errorCaughtBrowser) {","                return module.exports &&","                    typeof process.versions.node === 'string' &&","                    typeof require('http').createServer === 'function' &&","                    'node';","            }","        }());","        // init global","        local.global = local.modeJs === 'browser'","            ? window","            : global;","        // init utility2_rollup","        local = local.global.utility2_rollup || local;","        // init lib","        local.local = local.npmtest_closurecompiler = local;","        // init exports","        if (local.modeJs === 'browser') {","            local.global.utility2_npmtest_closurecompiler = local;","        } else {","            module.exports = local;","            module.exports.__dirname = __dirname;","            module.exports.module = module;","        }","    }());","}());",""],"l":{"12":2,"14":2,"19":2,"21":2,"23":2,"24":2,"25":2,"30":1,"37":2,"41":2,"43":2,"45":2,"46":1,"48":1,"49":1,"50":1}},"/home/travis/build/npmtest/node-npmtest-closurecompiler/example.js":{"path":"/home/travis/build/npmtest/node-npmtest-closurecompiler/example.js","s":{"1":2,"2":2,"3":2,"4":2,"5":2,"6":2,"7":2,"8":1,"9":2,"10":2,"11":2,"12":2,"13":1,"14":2,"15":2,"16":2,"17":2,"18":2,"19":0,"20":2,"21":1,"22":1,"23":1,"24":1,"25":1,"26":0,"27":0,"28":1,"29":1,"30":2,"31":0,"32":0,"33":0,"34":1,"35":2,"36":2,"37":3,"38":3,"39":3,"40":3,"41":0,"42":3,"43":3,"44":3,"45":1,"46":3,"47":1,"48":1,"49":1,"50":1,"51":1,"52":1,"53":1,"54":1,"55":1,"56":1,"57":0,"58":1,"59":6,"60":6,"61":1,"62":2,"63":0,"64":2,"65":1,"66":1,"67":0,"68":0,"69":0,"70":0,"71":0,"72":0,"73":0,"74":0,"75":0,"76":0,"77":0,"78":0,"79":0,"80":0,"81":0,"82":0,"83":0},"b":{"1":[2,1,1,1],"2":[1,1,1,1],"3":[1,1],"4":[2,2],"5":[1,1],"6":[1,1],"7":[2,0],"8":[2,1,1,1,1,1],"9":[0,2,0],"10":[1,1],"11":[2,1,1],"12":[1,0],"13":[0,2],"14":[2,0,0,0,0,0,0],"15":[0,3],"16":[3,0],"17":[1,1],"18":[0,1],"19":[1,2,0,2],"20":[1,0],"21":[1,1],"22":[0,0],"23":[0,0],"24":[0,0],"25":[0,0],"26":[0,0],"27":[0,0],"28":[0,0]},"f":{"1":2,"2":2,"3":2,"4":2,"5":2,"6":2,"7":3,"8":3,"9":3,"10":1,"11":6,"12":0},"fnMap":{"1":{"name":"(anonymous_1)","line":26,"loc":{"start":{"line":26,"column":1},"end":{"line":26,"column":13}}},"2":{"name":"(anonymous_2)","line":33,"loc":{"start":{"line":33,"column":5},"end":{"line":33,"column":17}}},"3":{"name":"(anonymous_3)","line":37,"loc":{"start":{"line":37,"column":24},"end":{"line":37,"column":36}}},"4":{"name":"(anonymous_4)","line":69,"loc":{"start":{"line":69,"column":31},"end":{"line":69,"column":48}},"skip":true},"5":{"name":"(anonymous_5)","line":78,"loc":{"start":{"line":78,"column":26},"end":{"line":78,"column":45}},"skip":true},"6":{"name":"(anonymous_6)","line":123,"loc":{"start":{"line":123,"column":33},"end":{"line":123,"column":48}},"skip":true},"7":{"name":"(anonymous_7)","line":125,"loc":{"start":{"line":125,"column":27},"end":{"line":125,"column":39}},"skip":true},"8":{"name":"(anonymous_8)","line":133,"loc":{"start":{"line":133,"column":59},"end":{"line":133,"column":74}},"skip":true},"9":{"name":"(anonymous_9)","line":143,"loc":{"start":{"line":143,"column":45},"end":{"line":143,"column":62}},"skip":true},"10":{"name":"(anonymous_10)","line":144,"loc":{"start":{"line":144,"column":73},"end":{"line":144,"column":92}},"skip":true},"11":{"name":"(anonymous_11)","line":272,"loc":{"start":{"line":272,"column":51},"end":{"line":272,"column":77}},"skip":true},"12":{"name":"(anonymous_12)","line":315,"loc":{"start":{"line":315,"column":32},"end":{"line":315,"column":61}},"skip":true}},"statementMap":{"1":{"start":{"line":26,"column":0},"end":{"line":326,"column":5}},"2":{"start":{"line":28,"column":4},"end":{"line":28,"column":14}},"3":{"start":{"line":33,"column":4},"end":{"line":60,"column":9}},"4":{"start":{"line":35,"column":8},"end":{"line":35,"column":19}},"5":{"start":{"line":37,"column":8},"end":{"line":49,"column":13}},"6":{"start":{"line":38,"column":12},"end":{"line":48,"column":13}},"7":{"start":{"line":39,"column":16},"end":{"line":42,"column":30}},"8":{"start":{"line":44,"column":16},"end":{"line":47,"column":27}},"9":{"start":{"line":51,"column":8},"end":{"line":53,"column":21}},"10":{"start":{"line":55,"column":8},"end":{"line":57,"column":45}},"11":{"start":{"line":59,"column":8},"end":{"line":59,"column":35}},"12":{"start":{"line":61,"column":4},"end":{"line":325,"column":5}},"13":{"start":{"line":69,"column":8},"end":{"line":121,"column":10},"skip":true},"14":{"start":{"line":70,"column":12},"end":{"line":88,"column":13},"skip":true},"15":{"start":{"line":76,"column":16},"end":{"line":87,"column":19},"skip":true},"16":{"start":{"line":79,"column":20},"end":{"line":86,"column":21},"skip":true},"17":{"start":{"line":82,"column":24},"end":{"line":82,"column":43},"skip":true},"18":{"start":{"line":83,"column":24},"end":{"line":83,"column":30},"skip":true},"19":{"start":{"line":85,"column":24},"end":{"line":85,"column":49},"skip":true},"20":{"start":{"line":89,"column":12},"end":{"line":107,"column":13},"skip":true},"21":{"start":{"line":92,"column":16},"end":{"line":102,"column":17},"skip":true},"22":{"start":{"line":93,"column":20},"end":{"line":93,"column":86},"skip":true},"23":{"start":{"line":94,"column":20},"end":{"line":95,"column":45},"skip":true},"24":{"start":{"line":96,"column":20},"end":{"line":96,"column":42},"skip":true},"25":{"start":{"line":97,"column":20},"end":{"line":97,"column":48},"skip":true},"26":{"start":{"line":100,"column":20},"end":{"line":100,"column":85},"skip":true},"27":{"start":{"line":101,"column":20},"end":{"line":101,"column":96},"skip":true},"28":{"start":{"line":103,"column":16},"end":{"line":103,"column":22},"skip":true},"29":{"start":{"line":106,"column":16},"end":{"line":106,"column":22},"skip":true},"30":{"start":{"line":108,"column":12},"end":{"line":120,"column":13},"skip":true},"31":{"start":{"line":114,"column":16},"end":{"line":119,"column":17},"skip":true},"32":{"start":{"line":116,"column":20},"end":{"line":116,"column":78},"skip":true},"33":{"start":{"line":118,"column":20},"end":{"line":118,"column":47},"skip":true},"34":{"start":{"line":123,"column":8},"end":{"line":141,"column":11},"skip":true},"35":{"start":{"line":124,"column":12},"end":{"line":124,"column":54},"skip":true},"36":{"start":{"line":125,"column":12},"end":{"line":140,"column":14},"skip":true},"37":{"start":{"line":126,"column":16},"end":{"line":126,"column":28},"skip":true},"38":{"start":{"line":127,"column":16},"end":{"line":127,"column":69},"skip":true},"39":{"start":{"line":128,"column":16},"end":{"line":128,"column":75},"skip":true},"40":{"start":{"line":129,"column":16},"end":{"line":131,"column":17},"skip":true},"41":{"start":{"line":130,"column":20},"end":{"line":130,"column":27},"skip":true},"42":{"start":{"line":133,"column":16},"end":{"line":137,"column":36},"skip":true},"43":{"start":{"line":134,"column":20},"end":{"line":136,"column":55},"skip":true},"44":{"start":{"line":139,"column":16},"end":{"line":139,"column":57},"skip":true},"45":{"start":{"line":143,"column":8},"end":{"line":147,"column":11},"skip":true},"46":{"start":{"line":144,"column":12},"end":{"line":146,"column":15},"skip":true},"47":{"start":{"line":145,"column":16},"end":{"line":145,"column":70},"skip":true},"48":{"start":{"line":149,"column":8},"end":{"line":149,"column":31},"skip":true},"49":{"start":{"line":150,"column":8},"end":{"line":150,"column":14},"skip":true},"50":{"start":{"line":158,"column":8},"end":{"line":158,"column":31},"skip":true},"51":{"start":{"line":160,"column":8},"end":{"line":160,"column":33},"skip":true},"52":{"start":{"line":161,"column":8},"end":{"line":161,"column":37},"skip":true},"53":{"start":{"line":162,"column":8},"end":{"line":162,"column":35},"skip":true},"54":{"start":{"line":164,"column":8},"end":{"line":164,"column":50},"skip":true},"55":{"start":{"line":166,"column":8},"end":{"line":256,"column":2},"skip":true},"56":{"start":{"line":258,"column":8},"end":{"line":286,"column":9},"skip":true},"57":{"start":{"line":259,"column":12},"end":{"line":269,"column":14},"skip":true},"58":{"start":{"line":271,"column":12},"end":{"line":285,"column":19},"skip":true},"59":{"start":{"line":274,"column":20},"end":{"line":274,"column":35},"skip":true},"60":{"start":{"line":275,"column":20},"end":{"line":284,"column":21},"skip":true},"61":{"start":{"line":277,"column":24},"end":{"line":277,"column":64},"skip":true},"62":{"start":{"line":279,"column":24},"end":{"line":279,"column":40},"skip":true},"63":{"start":{"line":281,"column":24},"end":{"line":281,"column":40},"skip":true},"64":{"start":{"line":283,"column":24},"end":{"line":283,"column":39},"skip":true},"65":{"start":{"line":288,"column":8},"end":{"line":290,"column":9},"skip":true},"66":{"start":{"line":289,"column":12},"end":{"line":289,"column":18},"skip":true},"67":{"start":{"line":291,"column":8},"end":{"line":293,"column":54},"skip":true},"68":{"start":{"line":296,"column":8},"end":{"line":301,"column":37},"skip":true},"69":{"start":{"line":303,"column":8},"end":{"line":303,"column":82},"skip":true},"70":{"start":{"line":306,"column":8},"end":{"line":308,"column":9},"skip":true},"71":{"start":{"line":307,"column":12},"end":{"line":307,"column":82},"skip":true},"72":{"start":{"line":310,"column":8},"end":{"line":312,"column":9},"skip":true},"73":{"start":{"line":311,"column":12},"end":{"line":311,"column":18},"skip":true},"74":{"start":{"line":313,"column":8},"end":{"line":313,"column":54},"skip":true},"75":{"start":{"line":314,"column":8},"end":{"line":314,"column":69},"skip":true},"76":{"start":{"line":315,"column":8},"end":{"line":323,"column":36},"skip":true},"77":{"start":{"line":316,"column":12},"end":{"line":316,"column":61},"skip":true},"78":{"start":{"line":317,"column":12},"end":{"line":320,"column":13},"skip":true},"79":{"start":{"line":318,"column":16},"end":{"line":318,"column":75},"skip":true},"80":{"start":{"line":319,"column":16},"end":{"line":319,"column":23},"skip":true},"81":{"start":{"line":321,"column":12},"end":{"line":321,"column":38},"skip":true},"82":{"start":{"line":322,"column":12},"end":{"line":322,"column":27},"skip":true},"83":{"start":{"line":324,"column":8},"end":{"line":324,"column":14},"skip":true}},"branchMap":{"1":{"line":39,"type":"binary-expr","locations":[{"start":{"line":39,"column":23},"end":{"line":39,"column":62}},{"start":{"line":40,"column":20},"end":{"line":40,"column":70}},{"start":{"line":41,"column":20},"end":{"line":41,"column":71}},{"start":{"line":42,"column":20},"end":{"line":42,"column":29}}]},"2":{"line":44,"type":"binary-expr","locations":[{"start":{"line":44,"column":23},"end":{"line":44,"column":37}},{"start":{"line":45,"column":20},"end":{"line":45,"column":61}},{"start":{"line":46,"column":20},"end":{"line":46,"column":70}},{"start":{"line":47,"column":20},"end":{"line":47,"column":26}}]},"3":{"line":51,"type":"cond-expr","locations":[{"start":{"line":52,"column":14},"end":{"line":52,"column":20}},{"start":{"line":53,"column":14},"end":{"line":53,"column":20}}]},"4":{"line":55,"type":"binary-expr","locations":[{"start":{"line":55,"column":16},"end":{"line":55,"column":44}},{"start":{"line":55,"column":49},"end":{"line":57,"column":43}}]},"5":{"line":55,"type":"cond-expr","locations":[{"start":{"line":56,"column":14},"end":{"line":56,"column":59}},{"start":{"line":57,"column":14},"end":{"line":57,"column":43}}]},"6":{"line":61,"type":"switch","locations":[{"start":{"line":68,"column":4},"end":{"line":150,"column":14},"skip":true},{"start":{"line":156,"column":4},"end":{"line":324,"column":14},"skip":true}]},"7":{"line":70,"type":"if","locations":[{"start":{"line":70,"column":12},"end":{"line":70,"column":12},"skip":true},{"start":{"line":70,"column":12},"end":{"line":70,"column":12},"skip":true}]},"8":{"line":70,"type":"binary-expr","locations":[{"start":{"line":70,"column":16},"end":{"line":70,"column":22},"skip":true},{"start":{"line":70,"column":27},"end":{"line":70,"column":32},"skip":true},{"start":{"line":71,"column":20},"end":{"line":71,"column":39},"skip":true},{"start":{"line":72,"column":20},"end":{"line":72,"column":49},"skip":true},{"start":{"line":73,"column":20},"end":{"line":73,"column":58},"skip":true},{"start":{"line":74,"column":20},"end":{"line":74,"column":69},"skip":true}]},"9":{"line":79,"type":"switch","locations":[{"start":{"line":80,"column":20},"end":{"line":80,"column":33},"skip":true},{"start":{"line":81,"column":20},"end":{"line":83,"column":30},"skip":true},{"start":{"line":84,"column":20},"end":{"line":85,"column":49},"skip":true}]},"10":{"line":89,"type":"switch","locations":[{"start":{"line":90,"column":12},"end":{"line":103,"column":22},"skip":true},{"start":{"line":105,"column":12},"end":{"line":106,"column":22},"skip":true}]},"11":{"line":89,"type":"binary-expr","locations":[{"start":{"line":89,"column":20},"end":{"line":89,"column":25},"skip":true},{"start":{"line":89,"column":29},"end":{"line":89,"column":48},"skip":true},{"start":{"line":89,"column":52},"end":{"line":89,"column":74},"skip":true}]},"12":{"line":92,"type":"if","locations":[{"start":{"line":92,"column":16},"end":{"line":92,"column":16},"skip":true},{"start":{"line":92,"column":16},"end":{"line":92,"column":16},"skip":true}]},"13":{"line":108,"type":"if","locations":[{"start":{"line":108,"column":12},"end":{"line":108,"column":12},"skip":true},{"start":{"line":108,"column":12},"end":{"line":108,"column":12},"skip":true}]},"14":{"line":108,"type":"binary-expr","locations":[{"start":{"line":108,"column":16},"end":{"line":108,"column":61},"skip":true},{"start":{"line":108,"column":66},"end":{"line":108,"column":72},"skip":true},{"start":{"line":108,"column":77},"end":{"line":108,"column":82},"skip":true},{"start":{"line":109,"column":20},"end":{"line":109,"column":39},"skip":true},{"start":{"line":110,"column":20},"end":{"line":110,"column":49},"skip":true},{"start":{"line":111,"column":20},"end":{"line":111,"column":58},"skip":true},{"start":{"line":112,"column":20},"end":{"line":112,"column":68},"skip":true}]},"15":{"line":129,"type":"if","locations":[{"start":{"line":129,"column":16},"end":{"line":129,"column":16},"skip":true},{"start":{"line":129,"column":16},"end":{"line":129,"column":16},"skip":true}]},"16":{"line":134,"type":"cond-expr","locations":[{"start":{"line":135,"column":26},"end":{"line":135,"column":29},"skip":true},{"start":{"line":136,"column":26},"end":{"line":136,"column":54},"skip":true}]},"17":{"line":164,"type":"binary-expr","locations":[{"start":{"line":164,"column":27},"end":{"line":164,"column":43},"skip":true},{"start":{"line":164,"column":47},"end":{"line":164,"column":49},"skip":true}]},"18":{"line":258,"type":"if","locations":[{"start":{"line":258,"column":8},"end":{"line":258,"column":8},"skip":true},{"start":{"line":258,"column":8},"end":{"line":258,"column":8},"skip":true}]},"19":{"line":275,"type":"switch","locations":[{"start":{"line":276,"column":20},"end":{"line":277,"column":64},"skip":true},{"start":{"line":278,"column":20},"end":{"line":279,"column":40},"skip":true},{"start":{"line":280,"column":20},"end":{"line":281,"column":40},"skip":true},{"start":{"line":282,"column":20},"end":{"line":283,"column":39},"skip":true}]},"20":{"line":288,"type":"if","locations":[{"start":{"line":288,"column":8},"end":{"line":288,"column":8},"skip":true},{"start":{"line":288,"column":8},"end":{"line":288,"column":8},"skip":true}]},"21":{"line":288,"type":"binary-expr","locations":[{"start":{"line":288,"column":12},"end":{"line":288,"column":40},"skip":true},{"start":{"line":288,"column":44},"end":{"line":288,"column":67},"skip":true}]},"22":{"line":292,"type":"binary-expr","locations":[{"start":{"line":292,"column":12},"end":{"line":292,"column":50},"skip":true},{"start":{"line":293,"column":12},"end":{"line":293,"column":53},"skip":true}]},"23":{"line":297,"type":"binary-expr","locations":[{"start":{"line":297,"column":12},"end":{"line":297,"column":73},"skip":true},{"start":{"line":298,"column":12},"end":{"line":301,"column":36},"skip":true}]},"24":{"line":303,"type":"binary-expr","locations":[{"start":{"line":303,"column":43},"end":{"line":303,"column":75},"skip":true},{"start":{"line":303,"column":79},"end":{"line":303,"column":81},"skip":true}]},"25":{"line":306,"type":"if","locations":[{"start":{"line":306,"column":8},"end":{"line":306,"column":8},"skip":true},{"start":{"line":306,"column":8},"end":{"line":306,"column":8},"skip":true}]},"26":{"line":310,"type":"if","locations":[{"start":{"line":310,"column":8},"end":{"line":310,"column":8},"skip":true},{"start":{"line":310,"column":8},"end":{"line":310,"column":8},"skip":true}]},"27":{"line":313,"type":"binary-expr","locations":[{"start":{"line":313,"column":27},"end":{"line":313,"column":43},"skip":true},{"start":{"line":313,"column":47},"end":{"line":313,"column":53},"skip":true}]},"28":{"line":317,"type":"if","locations":[{"start":{"line":317,"column":12},"end":{"line":317,"column":12},"skip":true},{"start":{"line":317,"column":12},"end":{"line":317,"column":12},"skip":true}]}},"code":["/*","example.js","","quickstart example","","instruction","    1. save this script as example.js","    2. run the shell command:","        $ npm install npmtest-closurecompiler && PORT=8081 node example.js","    3. play with the browser-demo on http://127.0.0.1:8081","*/","","","","/* istanbul instrument in package npmtest_closurecompiler */","/*jslint","    bitwise: true,","    browser: true,","    maxerr: 8,","    maxlen: 96,","    node: true,","    nomen: true,","    regexp: true,","    stupid: true","*/","(function () {","    'use strict';","    var local;","","","","    // run shared js-env code - pre-init","    (function () {","        // init local","        local = {};","        // init modeJs","        local.modeJs = (function () {","            try {","                return typeof navigator.userAgent === 'string' &&","                    typeof document.querySelector('body') === 'object' &&","                    typeof XMLHttpRequest.prototype.open === 'function' &&","                    'browser';","            } catch (errorCaughtBrowser) {","                return module.exports &&","                    typeof process.versions.node === 'string' &&","                    typeof require('http').createServer === 'function' &&","                    'node';","            }","        }());","        // init global","        local.global = local.modeJs === 'browser'","            ? window","            : global;","        // init utility2_rollup","        local = local.global.utility2_rollup || (local.modeJs === 'browser'","            ? local.global.utility2_npmtest_closurecompiler","            : global.utility2_moduleExports);","        // export local","        local.global.local = local;","    }());","    switch (local.modeJs) {","","","","    // post-init","    // run browser js-env code - post-init","    /* istanbul ignore next */","    case 'browser':","        local.testRunBrowser = function (event) {","            if (!event || (event &&","                    event.currentTarget &&","                    event.currentTarget.className &&","                    event.currentTarget.className.includes &&","                    event.currentTarget.className.includes('onreset'))) {","                // reset output","                Array.from(","                    document.querySelectorAll('body > .resettable')","                ).forEach(function (element) {","                    switch (element.tagName) {","                    case 'INPUT':","                    case 'TEXTAREA':","                        element.value = '';","                        break;","                    default:","                        element.textContent = '';","                    }","                });","            }","            switch (event && event.currentTarget && event.currentTarget.id) {","            case 'testRunButton1':","                // show tests","                if (document.querySelector('#testReportDiv1').style.display === 'none') {","                    document.querySelector('#testReportDiv1').style.display = 'block';","                    document.querySelector('#testRunButton1').textContent =","                        'hide internal test';","                    local.modeTest = true;","                    local.testRunDefault(local);","                // hide tests","                } else {","                    document.querySelector('#testReportDiv1').style.display = 'none';","                    document.querySelector('#testRunButton1').textContent = 'run internal test';","                }","                break;","            // custom-case","            default:","                break;","            }","            if (document.querySelector('#inputTextareaEval1') && (!event || (event &&","                    event.currentTarget &&","                    event.currentTarget.className &&","                    event.currentTarget.className.includes &&","                    event.currentTarget.className.includes('oneval')))) {","                // try to eval input-code","                try {","                    /*jslint evil: true*/","                    eval(document.querySelector('#inputTextareaEval1').value);","                } catch (errorCaught) {","                    console.error(errorCaught);","                }","            }","        };","        // log stderr and stdout to #outputTextareaStdout1","        ['error', 'log'].forEach(function (key) {","            console[key + '_original'] = console[key];","            console[key] = function () {","                var element;","                console[key + '_original'].apply(console, arguments);","                element = document.querySelector('#outputTextareaStdout1');","                if (!element) {","                    return;","                }","                // append text to #outputTextareaStdout1","                element.value += Array.from(arguments).map(function (arg) {","                    return typeof arg === 'string'","                        ? arg","                        : JSON.stringify(arg, null, 4);","                }).join(' ') + '\\n';","                // scroll textarea to bottom","                element.scrollTop = element.scrollHeight;","            };","        });","        // init event-handling","        ['change', 'click', 'keyup'].forEach(function (event) {","            Array.from(document.querySelectorAll('.on' + event)).forEach(function (element) {","                element.addEventListener(event, local.testRunBrowser);","            });","        });","        // run tests","        local.testRunBrowser();","        break;","","","","    // run node js-env code - post-init","    /* istanbul ignore next */","    case 'node':","        // export local","        module.exports = local;","        // require modules","        local.fs = require('fs');","        local.http = require('http');","        local.url = require('url');","        // init assets","        local.assetsDict = local.assetsDict || {};","        /* jslint-ignore-begin */","        local.assetsDict['/assets.index.template.html'] = '\\","<!doctype html>\\n\\","<html lang=\"en\">\\n\\","<head>\\n\\","<meta charset=\"UTF-8\">\\n\\","<meta name=\"viewport\" content=\"width=device-width, initial-scale=1\">\\n\\","<title>{{env.npm_package_name}} (v{{env.npm_package_version}})</title>\\n\\","<style>\\n\\","/*csslint\\n\\","    box-sizing: false,\\n\\","    universal-selector: false\\n\\","*/\\n\\","* {\\n\\","    box-sizing: border-box;\\n\\","}\\n\\","body {\\n\\","    background: #dde;\\n\\","    font-family: Arial, Helvetica, sans-serif;\\n\\","    margin: 2rem;\\n\\","}\\n\\","body > * {\\n\\","    margin-bottom: 1rem;\\n\\","}\\n\\",".utility2FooterDiv {\\n\\","    margin-top: 20px;\\n\\","    text-align: center;\\n\\","}\\n\\","</style>\\n\\","<style>\\n\\","/*csslint\\n\\","*/\\n\\","textarea {\\n\\","    font-family: monospace;\\n\\","    height: 10rem;\\n\\","    width: 100%;\\n\\","}\\n\\","textarea[readonly] {\\n\\","    background: #ddd;\\n\\","}\\n\\","</style>\\n\\","</head>\\n\\","<body>\\n\\","<!-- utility2-comment\\n\\","<div id=\"ajaxProgressDiv1\" style=\"background: #d00; height: 2px; left: 0; margin: 0; padding: 0; position: fixed; top: 0; transition: background 0.5s, width 1.5s; width: 25%;\"></div>\\n\\","utility2-comment -->\\n\\","<h1>\\n\\","<!-- utility2-comment\\n\\","    <a\\n\\","        {{#if env.npm_package_homepage}}\\n\\","        href=\"{{env.npm_package_homepage}}\"\\n\\","        {{/if env.npm_package_homepage}}\\n\\","        target=\"_blank\"\\n\\","    >\\n\\","utility2-comment -->\\n\\","        {{env.npm_package_name}} (v{{env.npm_package_version}})\\n\\","<!-- utility2-comment\\n\\","    </a>\\n\\","utility2-comment -->\\n\\","</h1>\\n\\","<h3>{{env.npm_package_description}}</h3>\\n\\","<!-- utility2-comment\\n\\","<h4><a download href=\"assets.app.js\">download standalone app</a></h4>\\n\\","<button class=\"onclick onreset\" id=\"testRunButton1\">run internal test</button><br>\\n\\","<div id=\"testReportDiv1\" style=\"display: none;\"></div>\\n\\","utility2-comment -->\\n\\","\\n\\","\\n\\","\\n\\","<label>stderr and stdout</label>\\n\\","<textarea class=\"resettable\" id=\"outputTextareaStdout1\" readonly></textarea>\\n\\","<!-- utility2-comment\\n\\","{{#if isRollup}}\\n\\","<script src=\"assets.app.js\"></script>\\n\\","{{#unless isRollup}}\\n\\","utility2-comment -->\\n\\","<script src=\"assets.utility2.rollup.js\"></script>\\n\\","<script src=\"jsonp.utility2._stateInit?callback=window.utility2._stateInit\"></script>\\n\\","<script src=\"assets.npmtest_closurecompiler.rollup.js\"></script>\\n\\","<script src=\"assets.example.js\"></script>\\n\\","<script src=\"assets.test.js\"></script>\\n\\","<!-- utility2-comment\\n\\","{{/if isRollup}}\\n\\","utility2-comment -->\\n\\","<div class=\"utility2FooterDiv\">\\n\\","    [ this app was created with\\n\\","    <a href=\"https://github.com/kaizhu256/node-utility2\" target=\"_blank\">utility2</a>\\n\\","    ]\\n\\","</div>\\n\\","</body>\\n\\","</html>\\n\\","';","        /* jslint-ignore-end */","        if (local.templateRender) {","            local.assetsDict['/'] = local.templateRender(","                local.assetsDict['/assets.index.template.html'],","                {","                    env: local.objectSetDefault(local.env, {","                        npm_package_description: 'the greatest app in the world!',","                        npm_package_name: 'my-app',","                        npm_package_nameAlias: 'my_app',","                        npm_package_version: '0.0.1'","                    })","                }","            );","        } else {","            local.assetsDict['/'] = local.assetsDict['/assets.index.template.html']","                .replace((/\\{\\{env\\.(\\w+?)\\}\\}/g), function (match0, match1) {","                    // jslint-hack","                    String(match0);","                    switch (match1) {","                    case 'npm_package_description':","                        return 'the greatest app in the world!';","                    case 'npm_package_name':","                        return 'my-app';","                    case 'npm_package_nameAlias':","                        return 'my_app';","                    case 'npm_package_version':","                        return '0.0.1';","                    }","                });","        }","        // run the cli","        if (local.global.utility2_rollup || module !== require.main) {","            break;","        }","        local.assetsDict['/assets.example.js'] =","            local.assetsDict['/assets.example.js'] ||","            local.fs.readFileSync(__filename, 'utf8');","        // bug-workaround - long $npm_package_buildCustomOrg","        /* jslint-ignore-begin */","        local.assetsDict['/assets.npmtest_closurecompiler.rollup.js'] =","            local.assetsDict['/assets.npmtest_closurecompiler.rollup.js'] ||","            local.fs.readFileSync(","                local.npmtest_closurecompiler.__dirname + '/lib.npmtest_closurecompiler.js',","                'utf8'","            ).replace((/^#!/), '//');","        /* jslint-ignore-end */","        local.assetsDict['/favicon.ico'] = local.assetsDict['/favicon.ico'] || '';","        // if $npm_config_timeout_exit exists,","        // then exit this process after $npm_config_timeout_exit ms","        if (Number(process.env.npm_config_timeout_exit)) {","            setTimeout(process.exit, Number(process.env.npm_config_timeout_exit));","        }","        // start server","        if (local.global.utility2_serverHttp1) {","            break;","        }","        process.env.PORT = process.env.PORT || '8081';","        console.error('server starting on port ' + process.env.PORT);","        local.http.createServer(function (request, response) {","            request.urlParsed = local.url.parse(request.url);","            if (local.assetsDict[request.urlParsed.pathname] !== undefined) {","                response.end(local.assetsDict[request.urlParsed.pathname]);","                return;","            }","            response.statusCode = 404;","            response.end();","        }).listen(process.env.PORT);","        break;","    }","}());",""],"l":{"26":2,"28":2,"33":2,"35":2,"37":2,"38":2,"39":2,"44":1,"51":2,"55":2,"59":2,"61":2,"69":1,"70":2,"76":2,"79":2,"82":2,"83":2,"85":1,"89":2,"92":1,"93":1,"94":1,"96":1,"97":1,"100":1,"101":1,"103":1,"106":1,"108":2,"114":1,"116":1,"118":1,"123":1,"124":2,"125":2,"126":3,"127":3,"128":3,"129":3,"130":1,"133":3,"134":3,"139":3,"143":1,"144":3,"145":1,"149":1,"150":1,"158":1,"160":1,"161":1,"162":1,"164":1,"166":1,"258":1,"259":1,"271":1,"274":6,"275":6,"277":1,"279":2,"281":1,"283":2,"288":1,"289":1,"291":1,"296":1,"303":1,"306":1,"307":1,"310":1,"311":1,"313":1,"314":1,"315":1,"316":1,"317":1,"318":1,"319":1,"321":1,"322":1,"324":1}},"/home/travis/build/npmtest/node-npmtest-closurecompiler/node_modules/closurecompiler/ClosureCompiler.js":{"path":"/home/travis/build/npmtest/node-npmtest-closurecompiler/node_modules/closurecompiler/ClosureCompiler.js","s":{"1":1,"2":1,"3":0,"4":1,"5":1,"6":0,"7":1,"8":0,"9":1,"10":0,"11":0,"12":1,"13":1,"14":1,"15":1,"16":1,"17":1,"18":0,"19":1,"20":0,"21":1,"22":1,"23":0,"24":1,"25":1,"26":1,"27":1,"28":1,"29":0,"30":0,"31":0,"32":1,"33":0,"34":0,"35":0,"36":0,"37":1,"38":0,"39":0,"40":0,"41":0,"42":0,"43":0,"44":0,"45":0,"46":0,"47":0,"48":0,"49":0,"50":0,"51":0,"52":0,"53":0,"54":0,"55":0,"56":0,"57":0,"58":0,"59":0,"60":0,"61":0,"62":0,"63":0,"64":0,"65":0,"66":0,"67":0,"68":0,"69":0,"70":0,"71":0,"72":0,"73":0,"74":0,"75":0,"76":0,"77":0,"78":0,"79":0,"80":0,"81":0,"82":0,"83":0,"84":0,"85":0,"86":0,"87":0,"88":0,"89":0,"90":0,"91":0,"92":0,"93":0,"94":0,"95":0,"96":0,"97":0,"98":0,"99":0,"100":0,"101":0,"102":0,"103":0,"104":0,"105":0,"106":0,"107":0,"108":0,"109":0,"110":0,"111":0,"112":0,"113":1,"114":0,"115":0,"116":0,"117":0,"118":0,"119":0,"120":0,"121":0,"122":0,"123":0,"124":0,"125":0,"126":0,"127":0,"128":1,"129":0,"130":0,"131":0,"132":0,"133":0,"134":0,"135":0,"136":0,"137":0,"138":0,"139":0,"140":1,"141":0,"142":1},"b":{"1":[0,1],"2":[1,1,1,1],"3":[0,1],"4":[0,0],"5":[0,0],"6":[0,0],"7":[0,1],"8":[1,0],"9":[0,1],"10":[0,1],"11":[1,0],"12":[0,0],"13":[0,0],"14":[0,0],"15":[0,0],"16":[0,0],"17":[0,0],"18":[0,0],"19":[0,0],"20":[0,0],"21":[0,0],"22":[0,0],"23":[0,0],"24":[0,0],"25":[0,0],"26":[0,0],"27":[0,0],"28":[0,0],"29":[0,0],"30":[0,0],"31":[0,0],"32":[0,0],"33":[0,0],"34":[0,0],"35":[0,0],"36":[0,0],"37":[0,0],"38":[0,0],"39":[0,0],"40":[0,0],"41":[0,0],"42":[0,0],"43":[0,0]},"f":{"1":1,"2":0,"3":0,"4":1,"5":0,"6":1,"7":1,"8":0,"9":0,"10":0,"11":0,"12":0,"13":0,"14":0,"15":0,"16":0,"17":0,"18":0},"fnMap":{"1":{"name":"(anonymous_1)","line":22,"loc":{"start":{"line":22,"column":1},"end":{"line":22,"column":18}}},"2":{"name":"(anonymous_2)","line":43,"loc":{"start":{"line":43,"column":26},"end":{"line":43,"column":44}}},"3":{"name":"(anonymous_3)","line":60,"loc":{"start":{"line":60,"column":36},"end":{"line":60,"column":69}}},"4":{"name":"(anonymous_4)","line":76,"loc":{"start":{"line":76,"column":36},"end":{"line":76,"column":47}}},"5":{"name":"(anonymous_5)","line":95,"loc":{"start":{"line":95,"column":37},"end":{"line":95,"column":48}}},"6":{"name":"(anonymous_6)","line":104,"loc":{"start":{"line":104,"column":31},"end":{"line":104,"column":56}}},"7":{"name":"(anonymous_7)","line":105,"loc":{"start":{"line":105,"column":54},"end":{"line":105,"column":86}}},"8":{"name":"(anonymous_8)","line":127,"loc":{"start":{"line":127,"column":30},"end":{"line":127,"column":72}}},"9":{"name":"(anonymous_9)","line":143,"loc":{"start":{"line":143,"column":40},"end":{"line":143,"column":73}}},"10":{"name":"(anonymous_10)","line":169,"loc":{"start":{"line":169,"column":43},"end":{"line":169,"column":58}}},"11":{"name":"exec","line":267,"loc":{"start":{"line":267,"column":8},"end":{"line":267,"column":50}}},"12":{"name":"(anonymous_12)","line":276,"loc":{"start":{"line":276,"column":31},"end":{"line":276,"column":54}}},"13":{"name":"(anonymous_13)","line":285,"loc":{"start":{"line":285,"column":32},"end":{"line":285,"column":47}}},"14":{"name":"run","line":291,"loc":{"start":{"line":291,"column":8},"end":{"line":291,"column":33}}},"15":{"name":"(anonymous_15)","line":292,"loc":{"start":{"line":292,"column":36},"end":{"line":292,"column":68}}},"16":{"name":"(anonymous_16)","line":302,"loc":{"start":{"line":302,"column":66},"end":{"line":302,"column":79}}},"17":{"name":"(anonymous_17)","line":307,"loc":{"start":{"line":307,"column":75},"end":{"line":307,"column":88}}},"18":{"name":"(anonymous_18)","line":322,"loc":{"start":{"line":322,"column":41},"end":{"line":322,"column":52}}}},"statementMap":{"1":{"start":{"line":22,"column":0},"end":{"line":328,"column":9}},"2":{"start":{"line":24,"column":4},"end":{"line":26,"column":5}},"3":{"start":{"line":25,"column":8},"end":{"line":25,"column":79}},"4":{"start":{"line":29,"column":4},"end":{"line":32,"column":31}},"5":{"start":{"line":34,"column":4},"end":{"line":34,"column":56}},"6":{"start":{"line":34,"column":24},"end":{"line":34,"column":56}},"7":{"start":{"line":43,"column":4},"end":{"line":50,"column":6}},"8":{"start":{"line":49,"column":8},"end":{"line":49,"column":77}},"9":{"start":{"line":60,"column":4},"end":{"line":64,"column":6}},"10":{"start":{"line":61,"column":8},"end":{"line":63,"column":9}},"11":{"start":{"line":62,"column":12},"end":{"line":62,"column":80}},"12":{"start":{"line":70,"column":4},"end":{"line":70,"column":73}},"13":{"start":{"line":76,"column":4},"end":{"line":89,"column":6}},"14":{"start":{"line":77,"column":8},"end":{"line":77,"column":24}},"15":{"start":{"line":79,"column":8},"end":{"line":84,"column":9}},"16":{"start":{"line":80,"column":12},"end":{"line":80,"column":95}},"17":{"start":{"line":81,"column":12},"end":{"line":83,"column":13}},"18":{"start":{"line":82,"column":16},"end":{"line":82,"column":28}},"19":{"start":{"line":85,"column":8},"end":{"line":87,"column":9}},"20":{"start":{"line":86,"column":12},"end":{"line":86,"column":26}},"21":{"start":{"line":88,"column":8},"end":{"line":88,"column":20}},"22":{"start":{"line":95,"column":4},"end":{"line":97,"column":6}},"23":{"start":{"line":96,"column":8},"end":{"line":96,"column":99}},"24":{"start":{"line":104,"column":4},"end":{"line":115,"column":6}},"25":{"start":{"line":105,"column":8},"end":{"line":114,"column":11}},"26":{"start":{"line":106,"column":12},"end":{"line":106,"column":25}},"27":{"start":{"line":107,"column":12},"end":{"line":113,"column":13}},"28":{"start":{"line":108,"column":16},"end":{"line":108,"column":37}},"29":{"start":{"line":109,"column":19},"end":{"line":113,"column":13}},"30":{"start":{"line":110,"column":16},"end":{"line":110,"column":57}},"31":{"start":{"line":112,"column":16},"end":{"line":112,"column":39}},"32":{"start":{"line":127,"column":4},"end":{"line":133,"column":6}},"33":{"start":{"line":128,"column":8},"end":{"line":131,"column":9}},"34":{"start":{"line":129,"column":12},"end":{"line":129,"column":29}},"35":{"start":{"line":130,"column":12},"end":{"line":130,"column":25}},"36":{"start":{"line":132,"column":8},"end":{"line":132,"column":69}},"37":{"start":{"line":143,"column":4},"end":{"line":316,"column":6}},"38":{"start":{"line":144,"column":8},"end":{"line":147,"column":9}},"39":{"start":{"line":145,"column":12},"end":{"line":145,"column":29}},"40":{"start":{"line":146,"column":12},"end":{"line":146,"column":25}},"41":{"start":{"line":150,"column":8},"end":{"line":150,"column":25}},"42":{"start":{"line":151,"column":8},"end":{"line":151,"column":45}},"43":{"start":{"line":152,"column":8},"end":{"line":154,"column":9}},"44":{"start":{"line":153,"column":12},"end":{"line":153,"column":67}},"45":{"start":{"line":155,"column":8},"end":{"line":155,"column":29}},"46":{"start":{"line":156,"column":8},"end":{"line":156,"column":41}},"47":{"start":{"line":158,"column":8},"end":{"line":159,"column":44}},"48":{"start":{"line":160,"column":8},"end":{"line":160,"column":30}},"49":{"start":{"line":161,"column":8},"end":{"line":161,"column":30}},"50":{"start":{"line":163,"column":8},"end":{"line":163,"column":24}},"51":{"start":{"line":164,"column":8},"end":{"line":174,"column":9}},"52":{"start":{"line":165,"column":12},"end":{"line":165,"column":50}},"53":{"start":{"line":166,"column":12},"end":{"line":166,"column":43}},"54":{"start":{"line":168,"column":12},"end":{"line":168,"column":49}},"55":{"start":{"line":169,"column":12},"end":{"line":173,"column":15}},"56":{"start":{"line":170,"column":16},"end":{"line":172,"column":17}},"57":{"start":{"line":171,"column":20},"end":{"line":171,"column":54}},"58":{"start":{"line":179,"column":8},"end":{"line":179,"column":46}},"59":{"start":{"line":180,"column":12},"end":{"line":180,"column":43}},"60":{"start":{"line":180,"column":21},"end":{"line":180,"column":43}},"61":{"start":{"line":181,"column":12},"end":{"line":184,"column":14}},"62":{"start":{"line":187,"column":8},"end":{"line":189,"column":9}},"63":{"start":{"line":188,"column":12},"end":{"line":188,"column":28}},"64":{"start":{"line":190,"column":8},"end":{"line":203,"column":9}},"65":{"start":{"line":191,"column":12},"end":{"line":193,"column":13}},"66":{"start":{"line":192,"column":16},"end":{"line":192,"column":67}},"67":{"start":{"line":194,"column":12},"end":{"line":202,"column":13}},"68":{"start":{"line":195,"column":16},"end":{"line":195,"column":46}},"69":{"start":{"line":197,"column":16},"end":{"line":197,"column":45}},"70":{"start":{"line":198,"column":16},"end":{"line":200,"column":17}},"71":{"start":{"line":199,"column":20},"end":{"line":199,"column":76}},"72":{"start":{"line":201,"column":16},"end":{"line":201,"column":44}},"73":{"start":{"line":206,"column":8},"end":{"line":206,"column":51}},"74":{"start":{"line":206,"column":30},"end":{"line":206,"column":51}},"75":{"start":{"line":207,"column":8},"end":{"line":209,"column":9}},"76":{"start":{"line":208,"column":12},"end":{"line":208,"column":48}},"77":{"start":{"line":210,"column":8},"end":{"line":210,"column":25}},"78":{"start":{"line":211,"column":8},"end":{"line":211,"column":20}},"79":{"start":{"line":212,"column":8},"end":{"line":235,"column":9}},"80":{"start":{"line":213,"column":12},"end":{"line":215,"column":13}},"81":{"start":{"line":214,"column":16},"end":{"line":214,"column":113}},"82":{"start":{"line":216,"column":12},"end":{"line":218,"column":13}},"83":{"start":{"line":217,"column":16},"end":{"line":217,"column":87}},"84":{"start":{"line":219,"column":12},"end":{"line":219,"column":51}},"85":{"start":{"line":220,"column":12},"end":{"line":234,"column":13}},"86":{"start":{"line":222,"column":16},"end":{"line":222,"column":64}},"87":{"start":{"line":223,"column":16},"end":{"line":229,"column":17}},"88":{"start":{"line":224,"column":20},"end":{"line":224,"column":65}},"89":{"start":{"line":225,"column":20},"end":{"line":225,"column":52}},"90":{"start":{"line":226,"column":20},"end":{"line":228,"column":21}},"91":{"start":{"line":227,"column":24},"end":{"line":227,"column":44}},"92":{"start":{"line":230,"column":19},"end":{"line":234,"column":13}},"93":{"start":{"line":231,"column":16},"end":{"line":231,"column":49}},"94":{"start":{"line":233,"column":16},"end":{"line":233,"column":80}},"95":{"start":{"line":236,"column":8},"end":{"line":236,"column":34}},"96":{"start":{"line":237,"column":8},"end":{"line":239,"column":9}},"97":{"start":{"line":238,"column":12},"end":{"line":238,"column":47}},"98":{"start":{"line":242,"column":8},"end":{"line":242,"column":36}},"99":{"start":{"line":243,"column":8},"end":{"line":264,"column":9}},"100":{"start":{"line":244,"column":12},"end":{"line":244,"column":30}},"101":{"start":{"line":245,"column":12},"end":{"line":245,"column":41}},"102":{"start":{"line":246,"column":12},"end":{"line":248,"column":13}},"103":{"start":{"line":247,"column":16},"end":{"line":247,"column":57}},"104":{"start":{"line":249,"column":12},"end":{"line":263,"column":13}},"105":{"start":{"line":250,"column":16},"end":{"line":250,"column":36}},"106":{"start":{"line":251,"column":19},"end":{"line":263,"column":13}},"107":{"start":{"line":254,"column":16},"end":{"line":256,"column":17}},"108":{"start":{"line":255,"column":20},"end":{"line":255,"column":36}},"109":{"start":{"line":257,"column":16},"end":{"line":262,"column":17}},"110":{"start":{"line":258,"column":20},"end":{"line":260,"column":21}},"111":{"start":{"line":259,"column":24},"end":{"line":259,"column":88}},"112":{"start":{"line":261,"column":20},"end":{"line":261,"column":50}},"113":{"start":{"line":267,"column":8},"end":{"line":288,"column":9}},"114":{"start":{"line":268,"column":12},"end":{"line":268,"column":34}},"115":{"start":{"line":269,"column":12},"end":{"line":269,"column":34}},"116":{"start":{"line":271,"column":12},"end":{"line":273,"column":15}},"117":{"start":{"line":274,"column":12},"end":{"line":274,"column":40}},"118":{"start":{"line":275,"column":12},"end":{"line":275,"column":40}},"119":{"start":{"line":276,"column":12},"end":{"line":284,"column":15}},"120":{"start":{"line":277,"column":14},"end":{"line":277,"column":22}},"121":{"start":{"line":278,"column":14},"end":{"line":282,"column":15}},"122":{"start":{"line":279,"column":16},"end":{"line":279,"column":38}},"123":{"start":{"line":280,"column":16},"end":{"line":280,"column":32}},"124":{"start":{"line":281,"column":16},"end":{"line":281,"column":36}},"125":{"start":{"line":283,"column":14},"end":{"line":283,"column":44}},"126":{"start":{"line":285,"column":12},"end":{"line":287,"column":15}},"127":{"start":{"line":286,"column":14},"end":{"line":286,"column":44}},"128":{"start":{"line":291,"column":8},"end":{"line":299,"column":9}},"129":{"start":{"line":292,"column":12},"end":{"line":298,"column":15}},"130":{"start":{"line":293,"column":16},"end":{"line":297,"column":17}},"131":{"start":{"line":294,"column":20},"end":{"line":294,"column":51}},"132":{"start":{"line":296,"column":20},"end":{"line":296,"column":42}},"133":{"start":{"line":302,"column":8},"end":{"line":315,"column":11}},"134":{"start":{"line":303,"column":12},"end":{"line":314,"column":13}},"135":{"start":{"line":304,"column":16},"end":{"line":304,"column":59}},"136":{"start":{"line":307,"column":16},"end":{"line":313,"column":19}},"137":{"start":{"line":308,"column":20},"end":{"line":312,"column":21}},"138":{"start":{"line":309,"column":24},"end":{"line":309,"column":68}},"139":{"start":{"line":311,"column":24},"end":{"line":311,"column":105}},"140":{"start":{"line":322,"column":4},"end":{"line":324,"column":6}},"141":{"start":{"line":323,"column":8},"end":{"line":323,"column":33}},"142":{"start":{"line":326,"column":4},"end":{"line":326,"column":40}}},"branchMap":{"1":{"line":24,"type":"if","locations":[{"start":{"line":24,"column":4},"end":{"line":24,"column":4}},{"start":{"line":24,"column":4},"end":{"line":24,"column":4}}]},"2":{"line":24,"type":"binary-expr","locations":[{"start":{"line":24,"column":8},"end":{"line":24,"column":36}},{"start":{"line":24,"column":40},"end":{"line":24,"column":47}},{"start":{"line":24,"column":51},"end":{"line":24,"column":66}},{"start":{"line":24,"column":70},"end":{"line":24,"column":78}}]},"3":{"line":34,"type":"if","locations":[{"start":{"line":34,"column":4},"end":{"line":34,"column":4}},{"start":{"line":34,"column":4},"end":{"line":34,"column":4}}]},"4":{"line":49,"type":"cond-expr","locations":[{"start":{"line":49,"column":64},"end":{"line":49,"column":71}},{"start":{"line":49,"column":74},"end":{"line":49,"column":76}}]},"5":{"line":49,"type":"binary-expr","locations":[{"start":{"line":49,"column":23},"end":{"line":49,"column":50}},{"start":{"line":49,"column":54},"end":{"line":49,"column":61}}]},"6":{"line":61,"type":"if","locations":[{"start":{"line":61,"column":8},"end":{"line":61,"column":8}},{"start":{"line":61,"column":8},"end":{"line":61,"column":8}}]},"7":{"line":70,"type":"cond-expr","locations":[{"start":{"line":70,"column":61},"end":{"line":70,"column":67}},{"start":{"line":70,"column":70},"end":{"line":70,"column":72}}]},"8":{"line":79,"type":"if","locations":[{"start":{"line":79,"column":8},"end":{"line":79,"column":8}},{"start":{"line":79,"column":8},"end":{"line":79,"column":8}}]},"9":{"line":81,"type":"if","locations":[{"start":{"line":81,"column":12},"end":{"line":81,"column":12}},{"start":{"line":81,"column":12},"end":{"line":81,"column":12}}]},"10":{"line":85,"type":"if","locations":[{"start":{"line":85,"column":8},"end":{"line":85,"column":8}},{"start":{"line":85,"column":8},"end":{"line":85,"column":8}}]},"11":{"line":107,"type":"if","locations":[{"start":{"line":107,"column":12},"end":{"line":107,"column":12}},{"start":{"line":107,"column":12},"end":{"line":107,"column":12}}]},"12":{"line":109,"type":"if","locations":[{"start":{"line":109,"column":19},"end":{"line":109,"column":19}},{"start":{"line":109,"column":19},"end":{"line":109,"column":19}}]},"13":{"line":128,"type":"if","locations":[{"start":{"line":128,"column":8},"end":{"line":128,"column":8}},{"start":{"line":128,"column":8},"end":{"line":128,"column":8}}]},"14":{"line":144,"type":"if","locations":[{"start":{"line":144,"column":8},"end":{"line":144,"column":8}},{"start":{"line":144,"column":8},"end":{"line":144,"column":8}}]},"15":{"line":158,"type":"binary-expr","locations":[{"start":{"line":158,"column":18},"end":{"line":158,"column":32}},{"start":{"line":158,"column":36},"end":{"line":158,"column":40}}]},"16":{"line":159,"type":"binary-expr","locations":[{"start":{"line":159,"column":18},"end":{"line":159,"column":32}},{"start":{"line":159,"column":36},"end":{"line":159,"column":43}}]},"17":{"line":164,"type":"if","locations":[{"start":{"line":164,"column":8},"end":{"line":164,"column":8}},{"start":{"line":164,"column":8},"end":{"line":164,"column":8}}]},"18":{"line":170,"type":"if","locations":[{"start":{"line":170,"column":16},"end":{"line":170,"column":16}},{"start":{"line":170,"column":16},"end":{"line":170,"column":16}}]},"19":{"line":180,"type":"if","locations":[{"start":{"line":180,"column":12},"end":{"line":180,"column":12}},{"start":{"line":180,"column":12},"end":{"line":180,"column":12}}]},"20":{"line":187,"type":"if","locations":[{"start":{"line":187,"column":8},"end":{"line":187,"column":8}},{"start":{"line":187,"column":8},"end":{"line":187,"column":8}}]},"21":{"line":191,"type":"if","locations":[{"start":{"line":191,"column":12},"end":{"line":191,"column":12}},{"start":{"line":191,"column":12},"end":{"line":191,"column":12}}]},"22":{"line":194,"type":"if","locations":[{"start":{"line":194,"column":12},"end":{"line":194,"column":12}},{"start":{"line":194,"column":12},"end":{"line":194,"column":12}}]},"23":{"line":198,"type":"if","locations":[{"start":{"line":198,"column":16},"end":{"line":198,"column":16}},{"start":{"line":198,"column":16},"end":{"line":198,"column":16}}]},"24":{"line":206,"type":"if","locations":[{"start":{"line":206,"column":8},"end":{"line":206,"column":8}},{"start":{"line":206,"column":8},"end":{"line":206,"column":8}}]},"25":{"line":207,"type":"if","locations":[{"start":{"line":207,"column":8},"end":{"line":207,"column":8}},{"start":{"line":207,"column":8},"end":{"line":207,"column":8}}]},"26":{"line":213,"type":"if","locations":[{"start":{"line":213,"column":12},"end":{"line":213,"column":12}},{"start":{"line":213,"column":12},"end":{"line":213,"column":12}}]},"27":{"line":213,"type":"binary-expr","locations":[{"start":{"line":213,"column":16},"end":{"line":213,"column":53}},{"start":{"line":213,"column":57},"end":{"line":213,"column":81}}]},"28":{"line":216,"type":"if","locations":[{"start":{"line":216,"column":12},"end":{"line":216,"column":12}},{"start":{"line":216,"column":12},"end":{"line":216,"column":12}}]},"29":{"line":220,"type":"if","locations":[{"start":{"line":220,"column":12},"end":{"line":220,"column":12}},{"start":{"line":220,"column":12},"end":{"line":220,"column":12}}]},"30":{"line":226,"type":"if","locations":[{"start":{"line":226,"column":20},"end":{"line":226,"column":20}},{"start":{"line":226,"column":20},"end":{"line":226,"column":20}}]},"31":{"line":226,"type":"binary-expr","locations":[{"start":{"line":226,"column":24},"end":{"line":226,"column":39}},{"start":{"line":226,"column":43},"end":{"line":226,"column":85}}]},"32":{"line":230,"type":"if","locations":[{"start":{"line":230,"column":19},"end":{"line":230,"column":19}},{"start":{"line":230,"column":19},"end":{"line":230,"column":19}}]},"33":{"line":246,"type":"if","locations":[{"start":{"line":246,"column":12},"end":{"line":246,"column":12}},{"start":{"line":246,"column":12},"end":{"line":246,"column":12}}]},"34":{"line":249,"type":"if","locations":[{"start":{"line":249,"column":12},"end":{"line":249,"column":12}},{"start":{"line":249,"column":12},"end":{"line":249,"column":12}}]},"35":{"line":251,"type":"if","locations":[{"start":{"line":251,"column":19},"end":{"line":251,"column":19}},{"start":{"line":251,"column":19},"end":{"line":251,"column":19}}]},"36":{"line":254,"type":"if","locations":[{"start":{"line":254,"column":16},"end":{"line":254,"column":16}},{"start":{"line":254,"column":16},"end":{"line":254,"column":16}}]},"37":{"line":258,"type":"if","locations":[{"start":{"line":258,"column":20},"end":{"line":258,"column":20}},{"start":{"line":258,"column":20},"end":{"line":258,"column":20}}]},"38":{"line":272,"type":"binary-expr","locations":[{"start":{"line":272,"column":24},"end":{"line":272,"column":29}},{"start":{"line":272,"column":33},"end":{"line":272,"column":41}}]},"39":{"line":278,"type":"if","locations":[{"start":{"line":278,"column":14},"end":{"line":278,"column":14}},{"start":{"line":278,"column":14},"end":{"line":278,"column":14}}]},"40":{"line":293,"type":"if","locations":[{"start":{"line":293,"column":16},"end":{"line":293,"column":16}},{"start":{"line":293,"column":16},"end":{"line":293,"column":16}}]},"41":{"line":293,"type":"binary-expr","locations":[{"start":{"line":293,"column":20},"end":{"line":293,"column":37}},{"start":{"line":293,"column":41},"end":{"line":293,"column":58}}]},"42":{"line":303,"type":"if","locations":[{"start":{"line":303,"column":12},"end":{"line":303,"column":12}},{"start":{"line":303,"column":12},"end":{"line":303,"column":12}}]},"43":{"line":308,"type":"if","locations":[{"start":{"line":308,"column":20},"end":{"line":308,"column":20}},{"start":{"line":308,"column":20},"end":{"line":308,"column":20}}]}},"code":["/*"," Copyright 2013 Daniel Wirtz <dcode@dcode.io>",""," Licensed under the Apache License, Version 2.0 (the \"License\");"," you may not use this file except in compliance with the License."," You may obtain a copy of the License at",""," http://www.apache.org/licenses/LICENSE-2.0",""," Unless required by applicable law or agreed to in writing, software"," distributed under the License is distributed on an \"AS IS\" BASIS,"," WITHOUT WARRANTIES OR CONDITIONS OF ANY KIND, either express or implied."," See the License for the specific language governing permissions and"," limitations under the License."," */","","/**"," * @license ClosureCompiler.js (c) 2013 Daniel Wirtz <dcode@dcode.io>"," * Released under the Apache License, Version 2.0"," * see: https://github.com/dcodeIO/ClosureCompiler.js for details"," */","(function(global) {","","    if (typeof require != 'function' || !module || !module.exports || !process) {","        throw(new Error(\"ClosureCompiler.js can only be used within node.js\"));","    }","","    // Dependencies","    var path = require(\"path\"),","        fs = require(\"fs\"),","        child_process = require(\"child_process\"),","        concat = require('bl');","","    if (!fs.existsSync) fs.existsSync = path.existsSync; // node < 0.8","","    /**","     * Constructs a new ClosureCompiler instance.","     * @exports ClosureCompiler","     * @class Closure Compiler binding.","     * @param {Object.<string,*>=} options Compilation options","     * @constructor","     */","    var ClosureCompiler = function(options) {","","        /**","         * Compilation options.","         * @type {Object.<string, *>}","         */","        this.options = typeof options === 'object' && options ? options : {};","    };","","    /**","     * Validates an option.","     * @param {string} name Option name","     * @param {string} actual Actual value","     * @param {Array} expected Expected values","     * @throw {Error} If the option is invalid","     * @private","     */","    ClosureCompiler._assertOption = function(name, actual, expected) {","        if (expected.indexOf(actual) < 0) {","            throw(\"Illegal \"+name+\" value: \"+actual+\" (\"+expected+\" expected)\");","        }","    };","","    /**","     * Java extension, e.g. '.exe' on windows.","     * @type {string}","     */","    ClosureCompiler.JAVA_EXT = process.platform == 'win32' ? '.exe' : '';","","    /**","     * Gets the path of the global java executable.","     * @return {string} Absolute path to or \"java(.exe)\" if not determinable","     */","    ClosureCompiler.getGlobalJava = function() {","        var java = null;","","        if (process.env[\"JAVA_HOME\"]) {","            java = path.join(process.env[\"JAVA_HOME\"], \"bin\", \"java\"+ClosureCompiler.JAVA_EXT);","            if (!fs.existsSync(java)) {","                java = null;","            }","        }","        if (!java) {","            java = \"java\";","        }","        return java;","    };","","    /**","     * Gets the path of the bundled java executable.","     * @return {string} Absolute path to \"java(.exe)\"","     */","    ClosureCompiler.getBundledJava = function() {","        return path.normalize(path.join(__dirname, \"jre\", \"bin\", \"java\"+ClosureCompiler.JAVA_EXT));","    };","","    /**","     * Tests if java is callable.","     * @param {string} java Path to java","     * @param {function(boolean, Error)} callback Callback function","     */","    ClosureCompiler.testJava = function(java, callback) {","        child_process.exec('\"'+java+'\" -version', {}, function(error, stdout, stderr) {","            stderr += \"\";","            if (stderr.match(/1\\.[7-8]+/)) {","                callback(true, null);","            } else if (stderr.indexOf(\"version \\\"\") >= 0) {","                callback(false, new Error(\"Not Java 7\"));","            } else {","                callback(false, error);","            }","        });","    };","","    /**","     * Compiles one or more scripts through a new instance of ClosureCompiler.","     * @param {string|Array.<string>} files File or an array of files to compile","     * @param {Object.<string,*|Array>} options Any options Closure Compiler supports. If an option can occur","     *  multiple times, simply supply an array. Externs can additionally point to a directory to include all *.js files","     *  in it.","     * @param {ReadStream} stdin Optional read stream to use as stdin for closure compiler","     * @param {function(Error,string)} callback Callback called with the error, if any, and the compiled code","     * @throws {Error} If the file cannot be compiled","     */","    ClosureCompiler.compile = function(files, options, stdin, callback) {","        if (arguments.length < 4) {","            callback = stdin;","            stdin = null;","        }","        new ClosureCompiler(options).compile(files, stdin, callback);","    };","","    /**","     * Compiles one or more scripts through this instance of ClosureCompiler.","     * @param {string|Array.<string>} files File or an array of files to compile","     * @param {ReadStream} stdin Optional read stream to use as stdin for closure compiler","     * @param {function((Error|string),string)} callback Callback called with the error, if any, and the compiled code.","     *  If no error occurred, error contains the string output from stderr besides the result.","     * @throws {Error} If the file cannot be compiled","     */","    ClosureCompiler.prototype.compile = function(files, stdin, callback) {","        if (arguments.length < 3) {","            callback = stdin;","            stdin = null;","        }","","        // Convert all option keys to lower case","        var options = {};","        var keys = Object.keys(this.options);","        for (var i=0; i<keys.length; i++) {","            options[keys[i].toLowerCase()] = this.options[keys[i]];","        }","        delete options[\"js\"];","        delete options[\"js_output_file\"];","","        var xms = options[\"xms\"] || null,","            xmx = options[\"xmx\"] || \"1024m\";","        delete options[\"xms\"];","        delete options[\"xmx\"];","","        var jarFilePath;","        if (options['compiler_jar']) {","            jarFilePath = options['compiler_jar'];","            delete options['compiler_jar'];","        } else {","            var jarDir = __dirname + '/compiler';","            fs.readdirSync(jarDir).forEach(function(file) {","                if (file.indexOf('closure-compiler') !== -1) {","                    jarFilePath = jarDir + \"/\" + file;","                }","            });","        }","","        // -XX:+TieredCompilation speeds up compilation for Java 1.7.","        // Previous -d32 was for Java 1.6 only.","        // Compiler now requires Java 1.7 and this flag does not need detection.","        var args = ['-XX:+TieredCompilation'];","            if (xms) args.push('-Xms'+xms);","            args.push(","                '-Xmx'+xmx,","                '-jar', jarFilePath","            );","","        // Source files","        if (!(files instanceof Array)) {","            files = [files];","        }","        for (i=0; i<files.length; i++) {","            if (typeof files[i] != 'string') {","                throw(new Error(\"Illegal source file: \"+files[i]));","            }","            if (files[i].indexOf('\"') >= 0) {","                args.push('--js=' + files[i]);","            } else {","                stat = fs.statSync(files[i]);","                if (!stat.isFile()) {","                    throw (new Error(\"Source file not found: \" + files[i]));","                }","                args.push('--js', files[i]);","            }","        }","","        // Externs files","        if (!options.externs) options.externs = [];","        if (!(options.externs instanceof Array)) {","            options.externs = [options.externs];","        }","        var externs = [];","        var j, stat;","        for (i=0; i<options.externs.length; i++) {","            if (typeof options.externs[i] != 'string' || options.externs[i] == \"\") {","                throw(new Error(\"Externs directive does not point to a file or directory: \"+optio
[...]
tart":{"line":58,"column":0},"end":{"line":58,"column":0}}]},"6":{"line":63,"type":"if","locations":[{"start":{"line":63,"column":4},"end":{"line":63,"column":4}},{"start":{"line":63,"column":4},"end":{"line":63,"column":4}}]},"7":{"line":71,"type":"if","locations":[{"start":{"line":71,"column":12},"end":{"line":71,"column":12}},{"start":{"line":71,"column":12},"end":{"line":71,"column":12}}]},"8":{"line":85,"type":"if","locations":[{"start":{"line":85,"column":4},"end":{"line":85,"column":4}},{"start":{"line":85,"column":4},"end":{"line":85,"column":4}}]},"9":{"line":85,"type":"binary-expr","locations":[{"start":{"line":85,"column":8},"end":{"line":85,"column":29}},{"start":{"line":85,"column":33},"end":{"line":85,"column":63}}]},"10":{"line":86,"type":"cond-expr","locations":[{"start":{"line":86,"column":76},"end":{"line":86,"column":98}},{"start":{"line":86,"column":101},"end":{"line":86,"column":106}}]},"11":{"line":101,"type":"if","locations":[{"start":{"line":101,"column":8},"end":{"line":101,"column":8}},{"start":{"line":101,"column":8},"end":{"line":101,"column":8}}]},"12":{"line":106,"type":"if","locations":[{"start":{"line":106,"column":12},"end":{"line":106,"column":12}},{"start":{"line":106,"column":12},"end":{"line":106,"column":12}}]},"13":{"line":114,"type":"if","locations":[{"start":{"line":114,"column":20},"end":{"line":114,"column":20}},{"start":{"line":114,"column":20},"end":{"line":114,"column":20}}]},"14":{"line":122,"type":"if","locations":[{"start":{"line":122,"column":28},"end":{"line":122,"column":28}},{"start":{"line":122,"column":28},"end":{"line":122,"column":28}}]},"15":{"line":137,"type":"if","locations":[{"start":{"line":137,"column":20},"end":{"line":137,"column":20}},{"start":{"line":137,"column":20},"end":{"line":137,"column":20}}]},"16":{"line":137,"type":"binary-expr","locations":[{"start":{"line":137,"column":24},"end":{"line":137,"column":45}},{"start":{"line":137,"column":49},"end":{"line":137,"column":79}}]},"17":{"line":138,"type":"cond-expr","locations":[{"start":{"line":138,"column":94},"end":{"line":138,"column":116}},{"start":{"line":138,"column":119},"end":{"line":138,"column":124}}]},"18":{"line":166,"type":"if","locations":[{"start":{"line":166,"column":4},"end":{"line":166,"column":4}},{"start":{"line":166,"column":4},"end":{"line":166,"column":4}}]},"19":{"line":178,"type":"if","locations":[{"start":{"line":178,"column":8},"end":{"line":178,"column":8}},{"start":{"line":178,"column":8},"end":{"line":178,"column":8}}]},"20":{"line":181,"type":"if","locations":[{"start":{"line":181,"column":8},"end":{"line":181,"column":8}},{"start":{"line":181,"column":8},"end":{"line":181,"column":8}}]},"21":{"line":188,"type":"if","locations":[{"start":{"line":188,"column":12},"end":{"line":188,"column":12}},{"start":{"line":188,"column":12},"end":{"line":188,"column":12}}]},"22":{"line":217,"type":"if","locations":[{"start":{"line":217,"column":8},"end":{"line":217,"column":8}},{"start":{"line":217,"column":8},"end":{"line":217,"column":8}}]},"23":{"line":222,"type":"if","locations":[{"start":{"line":222,"column":16},"end":{"line":222,"column":16}},{"start":{"line":222,"column":16},"end":{"line":222,"column":16}}]},"24":{"line":227,"type":"if","locations":[{"start":{"line":227,"column":12},"end":{"line":227,"column":12}},{"start":{"line":227,"column":12},"end":{"line":227,"column":12}}]},"25":{"line":227,"type":"binary-expr","locations":[{"start":{"line":227,"column":16},"end":{"line":227,"column":23}},{"start":{"line":227,"column":27},"end":{"line":227,"column":36}}]},"26":{"line":235,"type":"if","locations":[{"start":{"line":235,"column":8},"end":{"line":235,"column":8}},{"start":{"line":235,"column":8},"end":{"line":235,"column":8}}]},"27":{"line":236,"type":"if","locations":[{"start":{"line":236,"column":8},"end":{"line":236,"column":8}},{"start":{"line":236,"column":8},"end":{"line":236,"column":8}}]},"28":{"line":244,"type":"if","locations":[{"start":{"line":244,"column":15},"end":{"line":244,"column":15}},{"start":{"line":244,"column":15},"end":{"line":244,"column":15}}]},"29":{"line":248,"type":"if","locations":[{"start":{"line":248,"column":16},"end":{"line":248,"column":16}},{"start":{"line":248,"column":16},"end":{"line":248,"column":16}}]},"30":{"line":249,"type":"if","locations":[{"start":{"line":249,"column":20},"end":{"line":249,"column":20}},{"start":{"line":249,"column":20},"end":{"line":249,"column":20}}]},"31":{"line":257,"type":"if","locations":[{"start":{"line":257,"column":8},"end":{"line":257,"column":8}},{"start":{"line":257,"column":8},"end":{"line":257,"column":8}}]},"32":{"line":270,"type":"if","locations":[{"start":{"line":270,"column":4},"end":{"line":270,"column":4}},{"start":{"line":270,"column":4},"end":{"line":270,"column":4}}]},"33":{"line":292,"type":"if","locations":[{"start":{"line":292,"column":8},"end":{"line":292,"column":8}},{"start":{"line":292,"column":8},"end":{"line":292,"column":8}}]},"34":{"line":296,"type":"if","locations":[{"start":{"line":296,"column":12},"end":{"line":296,"column":12}},{"start":{"line":296,"column":12},"end":{"line":296,"column":12}}]},"35":{"line":305,"type":"if","locations":[{"start":{"line":305,"column":16},"end":{"line":305,"column":16}},{"start":{"line":305,"column":16},"end":{"line":305,"column":16}}]}},"code":["/*"," Copyright 2013 Daniel Wirtz <dcode@dcode.io>",""," Licensed under the Apache License, Version 2.0 (the \"License\");"," you may not use this file except in compliance with the License."," You may obtain a copy of the License at",""," http://www.apache.org/licenses/LICENSE-2.0",""," Unless required by applicable law or agreed to in writing, software"," distributed under the License is distributed on an \"AS IS\" BASIS,"," WITHOUT WARRANTIES OR CONDITIONS OF ANY KIND, either express or implied."," See the License for the specific language governing permissions and"," limitations under the License."," */","","/**"," * ClosureCompiler.js: Configure Script (c) 2013 Daniel Wirtz <dcode@dcode.io>"," * Released under the Apache License, Version 2.0"," * see: https://github.com/dcodeIO/ClosureCompiler.js for details"," */","","var ClosureCompiler = require(__dirname+\"/../ClosureCompiler.js\"),","    fs = require(\"fs\"),","    path = require(\"path\"),","\tchild_process = require(\"child_process\"),","    pkg = require(__dirname+\"/../package.json\"),","    zlib = require(\"zlib\"),","    tar = require(\"tar\");","","console.log(\"Configuring ClosureCompiler.js \"+pkg.version+\" ...\\n\");","","// Closure Compiler download url","var ccUrl = \"https://dl.google.com/closure-compiler/compiler-latest.tar.gz\";","","// Temporary file for the download","var ccTempFile = path.normalize(path.join(__dirname, \"..\", \"compiler\", \"compiler.tar.gz\"));","","// Gets the platform postfix for downloads","function platformPostfix() {","    if (/^win/.test(process.platform)) {","        return process.arch == 'x64' ? 'win64' : 'win32';","    } else if (/^darwin/.test(process.platform)) {","        return 'osx64';","    }","    // This might not be ideal, but we don't have anything else and there is always a chance that it will work","    return process.arch == 'x64' ? 'linux64' : 'linux32';","}","","// Bundled JRE download url","var jrePrefix = \"https://storage.googleapis.com/google-code-archive-downloads/v2/code.google.com/bundled-openjdk-jre/OpenJDK-JRE-7u6_24-\";","var jrePostfix = \".tar.gz\";","var jreUrl = jrePrefix+platformPostfix()+jrePostfix;","","// Temporary file for the download","var jreTempFile = path.normalize(path.join(__dirname, \"..\", \"jre\", \"jre.tar.gz\"));","","if (!fs.existsSync) fs.existsSync = path.existsSync; // node < 0.8","","console.log(\"  Downloading \"+ccUrl+\" ...\");","var lastBytes = 0, currentBytes = 0, mb = 1024*1024;","download(ccUrl, ccTempFile, function(error, bytes) {","    if (error) {","        console.log(\"  ✖ Download failed: \"+error+\"\\n\");","        fail();","    }","    console.log(\"  ✔ Download complete: \"+ccTempFile+\" (\"+parseInt(bytes/mb, 10)+\" mb)\\n\");","    setTimeout(function() {","        console.log(\"  Unpacking \"+ccTempFile+\" ...\");","        unpack(ccTempFile, function(error) {","            if (error) {","                console.log(\"  ✖ Unpack failed: \"+error+\"\\n\");","                fail();","            }","            setTimeout(function() { // Let the entry callbacks finish","                console.log(\"  ✔ Unpack complete.\\n\");","                configure_jre();","            }, 1000);","        }, function(entry) {","            console.log(\"  | \"+entry[\"path\"]);","        });","    }, 1000);","}, function(bytes, total) {","    currentBytes += bytes;","    if (currentBytes == bytes || currentBytes - lastBytes >= mb) {","        console.log(\"  | \"+parseInt(currentBytes/mb, 10)+\" / \"+(total > 0 ? parseInt(total/mb, 10) : \"???\")+\" mb\");","        lastBytes = currentBytes;","    }","});","","/**"," * Configures the JRE."," */","function configure_jre() {","    console.log(\"  Configuring JRE ...\");","","    var mb = 1024*1024;","","    // Test if there is already a global Java so we don't need to download anything","    ClosureCompiler.testJava(ClosureCompiler.getGlobalJava(), function(ok) {","        if (ok) {","            console.log(\"  ✔ Global Java is available, perfect!\\n\");","            // Travis CI for example has one, so we save their bandwidth. And Google's. And yours. And...","            finish();","        } else {","            if (fs.existsSync(path.join(__dirname, \"..\", \"jre\", \"bin\"))) {","                console.log(\"  ✖ Global Java not found or outdated, testing bundled JRE ...\\n\");","                runTest(true);","            } else {","                console.log(\"  ✖ Global Java not found or outdated, downloading bundled JRE ...\");","                console.log(\"    Downloading \"+jreUrl+\" ...\");","                lastBytes = 0; currentBytes = 0;","                download(jreUrl, jreTempFile, function(error, bytes) {","                    if (error) {","                        console.log(\"    ✖ Download failed: \"+error+\"\\n\");","                        fail();","                    }","                    console.log(\"    ✔ Download complete: \"+jreTempFile+\" (\"+parseInt(bytes/mb, 10)+\" mb)\\n\");","                    setTimeout(function() {","                        console.log(\"      Unpacking \"+jreTempFile+\" ...\");","                        unpack(jreTempFile, function(error) {","                            if (error) {","                                console.log(\"      ✖ Unpack failed: \"+error+\"\\n\");","                                fail();","                            }","                            setTimeout(function() { // Let the entry callbacks finish","                                console.log(\"      ✔ Unpack complete.\\n\");","                                configure();","                                runTest(true);","                            }, 1000);","                        }, function(entry) {","                            console.log(\"      | \"+entry[\"path\"]);","                        });","                    }, 1000);","                }, function(bytes, total) {","                    currentBytes += bytes;","                    if (currentBytes == bytes || currentBytes - lastBytes >= mb) {","                        console.log(\"    | \"+parseInt(currentBytes/mb, 10)+\" / \"+(total > 0 ? parseInt(total/mb, 10) : \"???\")+\" mb\");","                        lastBytes = currentBytes;","                    }","                });","            }","        }","    });","}","","/**"," * Downloads a file."," * @param {string} downloadUrl"," * @param {string} filename"," * @param {function(?Error,number)} callback"," * @param {function(number)=} ondata"," */","function download(downloadUrl, filename, callback, ondata) {","    var url = require(\"url\").parse(downloadUrl);","    var out = require(\"fs\").createWriteStream(filename, { flags: 'w', encoding: null, mode: 0666 });","    var bytes = 0, total = -1;","    var options = {","        \"hostname\" : url[\"host\"],","        \"method\" : \"GET\",","        \"path\" : url[\"path\"],","        \"agent\" : false","    }","","    // Reconfigure request options if an HTTP proxy setting exists","    if (process.env.http_proxy) {","        var http_proxy = require(\"url\").parse(process.env.http_proxy);","        options[\"hostname\"] = http_proxy[\"hostname\"];","        options[\"port\"] = http_proxy[\"port\"];","        options[\"path\"] = url[\"href\"];","        options[\"headers\"] = {","            \"Host\" : url[\"host\"]","        };","    }","","    var req = require(path.join(__dirname, \"..\", \"lib\", \"follow-redirects.js\")).http.request(options,","                                                                                             function(res) {","        if (res.headers[\"content-length\"]) {","            total = parseInt(res.headers[\"content-length\"], 10);","        }","        if (res.statusCode != 200) {","            res.setEncoding(null);","            callback(new Error(\"Download failed: HTTP status code \"+res.statusCode), -1);","            return;","        }","        res.on(\"data\", function(chunk) {","            bytes += chunk.length;","            if (ondata) ondata(chunk.length, total);","            out.write(chunk);","        });","","        res.on(\"end\", function() {","            callback(null, bytes);","        });","    });","    req.on(\"error\", function(e) {","        callback(e, -1);","    });","    req.end();","}","","/**"," * Unpacks a file in place."," * @param {string} filename File name"," * @param {function(?Error)} callback"," * @param {function(Object)=} entryCallback"," */","function unpack(filename, callback, entryCallback) {","    var input = fs.createReadStream(filename, { flags: 'r', encoding: null }),","        files = {},","        dir = path.dirname(filename),","        returned = false,","        to = null;","","    // Finishs the unpack if all files are done","    function maybeFinish() {","        if (to !== null) clearTimeout(to);","        to = setTimeout(function() {","            var alldone = true;","            var names = Object.keys(files);","            for (var i=0; i<names.length; i++) {","                if (!files[names[i]][\"done\"]) {","                    alldone = false;","                    break;","                }","            }","            if (alldone && !returned) {","                returned = true;","                callback(null);","            }","        }, 1000);","    }","","    input.pipe(zlib.createGunzip()).pipe(tar.Parse()).on(\"entry\", function(entry) {","        if (entryCallback) entryCallback(entry);","        if (entry[\"type\"] == 'File') {","            files[entry[\"path\"]] = fs.createWriteStream(path.join(dir, entry[\"path\"]), { flags: 'w', encoding: null });","            entry.pipe(files[entry[\"path\"]]);","            entry.on(\"end\", function() {","                files[entry[\"path\"]].end();","                files[entry[\"path\"]][\"done\"] = true;","                maybeFinish();","            });","        } else if (entry[\"type\"] == \"Directory\") {","            try {","                fs.mkdirSync(path.join(dir, entry[\"path\"]));","            } catch (e) {","                if (!fs.existsSync(path.join(dir, entry[\"path\"]))) {","                    if (!returned) {","                        returned = true;","                        callback(e);","                    }","                }","            }","        }","    }).on(\"error\", function(e) {","        if (!returned) {","            returned = true;","            callback(e);","        }","    });","}","","/**"," * Configures our bundled Java."," */","function configure() {","    var java = path.normalize(path.join(__dirname, \"..\", \"jre\", \"bin\", \"java\"+ClosureCompiler.JAVA_EXT));","    console.log(\"  Configuring bundled JRE for platform '\"+platformPostfix()+\"' ...\");","    if (!/^win/.test(process.platform)) {","        var jre = path.normalize(path.join(__dirname, \"..\", \"jre\"));","        console.log(\"  | 0755 \"+jre);","        fs.chmodSync(jre, 0755);","        console.log(\"  | 0755 \"+path.join(jre, \"bin\"));","        fs.chmodSync(path.join(jre, \"bin\"), 0755);","        console.log(\"  | 0755 \"+java);","        fs.chmodSync(java, 0755);","        console.log(\"  Complete.\\n\");","    } else {","        console.log(\"  Complete (not necessary).\\n\");","    }","}","","/**"," * Runs the final test."," * @param {boolean=} ensureBundled"," */","function runTest(ensureBundled) {","    console.log(\"  Testing bundled Java ...\");","    console.log(\"  | exec \"+ClosureCompiler.getBundledJava());","    ClosureCompiler.testJava(ClosureCompiler.getBundledJava(), function(ok, err) {","        if (ok) {","            console.log(\"  ✔ Successfully called bundled Java!\\n\");","            finish();","        } else {","            if (ensureBundled) {","                console.log(\"  ✖ Failed to call bundled java:\");","                console.log(\"-----\\n\"+err+\"\\n-----\");","                console.log(\"  ✖ Trying global java instead ...\");","            } else {","                console.log(\"  ✖ Failed to call bundled java, trying global java instead ...\");","            }","            console.log(\"    | exec \"+ClosureCompiler.getGlobalJava()+\"\\n\");","            ClosureCompiler.testJava(ClosureCompiler.getGlobalJava(), function(ok, err) {","                if (ok) {","                    console.log(\"    ✔ Successfully called global Java!\\n\");","                    finish();","                } else {","                    console.log(\"    ✖ Failed to call global Java.\\n\");","                    fail();","                }","            });","        }","    });","}","","/**"," * Cleans up."," */","function cleanUp() {","    try { fs.unlinkSync(ccTempFile); } catch (e) {}","    try { fs.unlinkSync(jreTempFile); } catch (e) {}","    // ...your harddrive's space.","}","","/**"," * Fails."," */","function fail() {","    cleanUp();","    console.log(\"  ✖ Unfortunately, ClosureCompiler.js could not be configured.\");","    console.log(\"    See: https://github.com/dcodeIO/ClosureCompiler.js (create an issue maybe)\\n\");","    process.exit(1);","}","","/**"," * Finishes."," */","function finish() {","    cleanUp();","    console.log(\"  ✔ ClosureCompiler.js has successfully been configured!\\n\");","}",""],"l":{"23":1,"31":1,"34":1,"37":1,"40":1,"41":1,"42":0,"43":1,"44":0,"47":1,"51":1,"52":1,"53":1,"56":1,"58":1,"60":1,"61":1,"62":1,"63":1,"64":0,"65":0,"67":1,"68":1,"69":1,"70":1,"71":1,"72":0,"73":0,"75":1,"76":1,"77":1,"80":3,"84":117,"85":117,"86":7,"87":7,"94":1,"95":1,"97":1,"100":1,"101":1,"102":1,"104":1,"106":0,"107":0,"108":0,"110":0,"111":0,"112":0,"113":0,"114":0,"115":0,"116":0,"118":0,"119":0,"120":0,"121":0,"122":0,"123":0,"124":0,"126":0,"127":0,"128":0,"129":0,"132":0,"136":0,"137":0,"138":0,"139":0,"154":1,"155":1,"156":1,"157":1,"158":1,"166":1,"167":0,"168":0,"169":0,"170":0,"171":0,"176":1,"178":1,"179":1,"181":1,"182":0,"183":0,"184":0,"186":1,"187":117,"188":117,"189":117,"192":1,"193":1,"196":1,"197":0,"199":1,"208":1,"209":1,"216":1,"217":3,"218":3,"219":1,"220":1,"221":1,"222":3,"223":0,"224":0,"227":1,"228":1,"229":1,"234":1,"235":3,"236":3,"237":3,"238":3,"239":3,"240":3,"241":3,"242":3,"244":0,"245":0,"246":0,"248":0,"249":0,"250":0,"251":0,"257":0,"258":0,"259":0,"267":1,"268":0,"269":0,"270":0,"271":0,"272":0,"273":0,"274":0,"275":0,"276":0,"277":0,"278":0,"280":0,"288":1,"289":0,"290":0,"291":0,"292":0,"293":0,"294":0,"296":0,"297":0,"298":0,"299":0,"301":0,"303":0,"304":0,"305":0,"306":0,"307":0,"309":0,"310":0,"320":1,"321":1,"322":1,"329":1,"330":0,"331":0,"332":0,"333":0,"339":1,"340":1,"341":1}}}